2015-07-10 20:03:43 startup archives install
2015-07-10 20:03:43 install base-passwd:armhf <none> 3.5.37
2015-07-10 20:03:43 status half-installed base-passwd:armhf 3.5.37
2015-07-10 20:03:44 status unpacked base-passwd:armhf 3.5.37
2015-07-10 20:03:44 status unpacked base-passwd:armhf 3.5.37
2015-07-10 20:03:44 configure base-passwd:armhf 3.5.37 3.5.37
2015-07-10 20:03:44 status unpacked base-passwd:armhf 3.5.37
2015-07-10 20:03:44 status half-configured base-passwd:armhf 3.5.37
2015-07-10 20:03:46 status installed base-passwd:armhf 3.5.37
2015-07-10 20:03:46 startup archives install
2015-07-10 20:03:46 install base-files:armhf <none> 8+deb8u1
2015-07-10 20:03:46 status half-installed base-files:armhf 8+deb8u1
2015-07-10 20:03:47 status unpacked base-files:armhf 8+deb8u1
2015-07-10 20:03:47 status unpacked base-files:armhf 8+deb8u1
2015-07-10 20:03:47 configure base-files:armhf 8+deb8u1 8+deb8u1
2015-07-10 20:03:47 status unpacked base-files:armhf 8+deb8u1
2015-07-10 20:03:47 status unpacked base-files:armhf 8+deb8u1
2015-07-10 20:03:47 status unpacked base-files:armhf 8+deb8u1
2015-07-10 20:03:47 status unpacked base-files:armhf 8+deb8u1
2015-07-10 20:03:47 status unpacked base-files:armhf 8+deb8u1
2015-07-10 20:03:47 status unpacked base-files:armhf 8+deb8u1
2015-07-10 20:03:47 status half-configured base-files:armhf 8+deb8u1
2015-07-10 20:03:50 status installed base-files:armhf 8+deb8u1
2015-07-10 20:03:50 startup archives install
2015-07-10 20:03:50 upgrade dpkg 1.17.25 1.17.25
2015-07-10 20:03:50 status half-configured dpkg 1.17.25
2015-07-10 20:03:50 status unpacked dpkg 1.17.25
2015-07-10 20:03:50 status half-installed dpkg 1.17.25
2015-07-10 20:03:52 status half-installed dpkg 1.17.25
2015-07-10 20:03:52 status unpacked dpkg 1.17.25
2015-07-10 20:03:52 status unpacked dpkg 1.17.25
2015-07-10 20:03:52 configure dpkg 1.17.25 1.17.25
2015-07-10 20:03:52 status unpacked dpkg 1.17.25
2015-07-10 20:03:52 status unpacked dpkg 1.17.25
2015-07-10 20:03:52 status unpacked dpkg 1.17.25
2015-07-10 20:03:52 status unpacked dpkg 1.17.25
2015-07-10 20:03:52 status unpacked dpkg 1.17.25
2015-07-10 20:03:53 status half-configured dpkg 1.17.25
2015-07-10 20:03:53 status installed dpkg 1.17.25
2015-07-10 20:03:53 startup archives install
2015-07-10 20:03:53 install libc6:armhf <none> 2.19-18
2015-07-10 20:03:53 status half-installed libc6:armhf 2.19-18
2015-07-10 20:03:56 status unpacked libc6:armhf 2.19-18
2015-07-10 20:03:56 status unpacked libc6:armhf 2.19-18
2015-07-10 20:03:56 configure libc6:armhf 2.19-18 2.19-18
2015-07-10 20:03:56 status unpacked libc6:armhf 2.19-18
2015-07-10 20:03:56 status unpacked libc6:armhf 2.19-18
2015-07-10 20:03:56 status half-configured libc6:armhf 2.19-18
2015-07-10 20:03:58 status installed libc6:armhf 2.19-18
2015-07-10 20:03:58 startup archives install
2015-07-10 20:03:58 install perl-base:armhf <none> 5.20.2-3+deb8u1
2015-07-10 20:03:58 status half-installed perl-base:armhf 5.20.2-3+deb8u1
2015-07-10 20:04:02 status unpacked perl-base:armhf 5.20.2-3+deb8u1
2015-07-10 20:04:02 status unpacked perl-base:armhf 5.20.2-3+deb8u1
2015-07-10 20:04:03 configure perl-base:armhf 5.20.2-3+deb8u1 5.20.2-3+deb8u1
2015-07-10 20:04:03 status unpacked perl-base:armhf 5.20.2-3+deb8u1
2015-07-10 20:04:03 status half-configured perl-base:armhf 5.20.2-3+deb8u1
2015-07-10 20:04:03 status installed perl-base:armhf 5.20.2-3+deb8u1
2015-07-10 20:04:03 startup archives install
2015-07-10 20:04:03 install mawk:armhf <none> 1.3.3-17
2015-07-10 20:04:03 status half-installed mawk:armhf 1.3.3-17
2015-07-10 20:04:03 status unpacked mawk:armhf 1.3.3-17
2015-07-10 20:04:03 status unpacked mawk:armhf 1.3.3-17
2015-07-10 20:04:03 configure mawk:armhf 1.3.3-17 1.3.3-17
2015-07-10 20:04:03 status unpacked mawk:armhf 1.3.3-17
2015-07-10 20:04:03 status half-configured mawk:armhf 1.3.3-17
2015-07-10 20:04:03 status installed mawk:armhf 1.3.3-17
2015-07-10 20:04:04 startup archives unpack
2015-07-10 20:04:04 install acl:armhf <none> 2.2.52-2
2015-07-10 20:04:04 status half-installed acl:armhf 2.2.52-2
2015-07-10 20:04:05 status unpacked acl:armhf 2.2.52-2
2015-07-10 20:04:05 status unpacked acl:armhf 2.2.52-2
2015-07-10 20:04:05 install libacl1:armhf <none> 2.2.52-2
2015-07-10 20:04:05 status half-installed libacl1:armhf 2.2.52-2
2015-07-10 20:04:05 status unpacked libacl1:armhf 2.2.52-2
2015-07-10 20:04:05 status unpacked libacl1:armhf 2.2.52-2
2015-07-10 20:04:05 install adduser:all <none> 3.113+nmu3
2015-07-10 20:04:05 status half-installed adduser:all 3.113+nmu3
2015-07-10 20:04:06 status unpacked adduser:all 3.113+nmu3
2015-07-10 20:04:06 status unpacked adduser:all 3.113+nmu3
2015-07-10 20:04:07 install libattr1:armhf <none> 1:2.4.47-2
2015-07-10 20:04:07 status half-installed libattr1:armhf 1:2.4.47-2
2015-07-10 20:04:07 status unpacked libattr1:armhf 1:2.4.47-2
2015-07-10 20:04:07 status unpacked libattr1:armhf 1:2.4.47-2
2015-07-10 20:04:07 install libaudit-common:all <none> 1:2.4-1
2015-07-10 20:04:07 status half-installed libaudit-common:all 1:2.4-1
2015-07-10 20:04:07 status unpacked libaudit-common:all 1:2.4-1
2015-07-10 20:04:07 status unpacked libaudit-common:all 1:2.4-1
2015-07-10 20:04:07 install libaudit1:armhf <none> 1:2.4-1+b1
2015-07-10 20:04:07 status half-installed libaudit1:armhf 1:2.4-1+b1
2015-07-10 20:04:07 status unpacked libaudit1:armhf 1:2.4-1+b1
2015-07-10 20:04:07 status unpacked libaudit1:armhf 1:2.4-1+b1
2015-07-10 20:04:07 upgrade base-files:armhf 8+deb8u1 8+deb8u1
2015-07-10 20:04:07 status half-configured base-files:armhf 8+deb8u1
2015-07-10 20:04:07 status unpacked base-files:armhf 8+deb8u1
2015-07-10 20:04:07 status half-installed base-files:armhf 8+deb8u1
2015-07-10 20:04:07 status half-installed base-files:armhf 8+deb8u1
2015-07-10 20:04:07 status unpacked base-files:armhf 8+deb8u1
2015-07-10 20:04:07 status unpacked base-files:armhf 8+deb8u1
2015-07-10 20:04:07 upgrade base-passwd:armhf 3.5.37 3.5.37
2015-07-10 20:04:07 status half-configured base-passwd:armhf 3.5.37
2015-07-10 20:04:07 status unpacked base-passwd:armhf 3.5.37
2015-07-10 20:04:07 status half-installed base-passwd:armhf 3.5.37
2015-07-10 20:04:07 status half-installed base-passwd:armhf 3.5.37
2015-07-10 20:04:08 status unpacked base-passwd:armhf 3.5.37
2015-07-10 20:04:08 status unpacked base-passwd:armhf 3.5.37
2015-07-10 20:04:08 install bash:armhf <none> 4.3-11+b1
2015-07-10 20:04:08 status half-installed bash:armhf 4.3-11+b1
2015-07-10 20:04:09 status unpacked bash:armhf 4.3-11+b1
2015-07-10 20:04:09 status unpacked bash:armhf 4.3-11+b1
2015-07-10 20:04:09 install libbz2-1.0:armhf <none> 1.0.6-7+b3
2015-07-10 20:04:09 status half-installed libbz2-1.0:armhf 1.0.6-7+b3
2015-07-10 20:04:09 status unpacked libbz2-1.0:armhf 1.0.6-7+b3
2015-07-10 20:04:09 status unpacked libbz2-1.0:armhf 1.0.6-7+b3
2015-07-10 20:04:09 install libdebconfclient0:armhf <none> 0.192
2015-07-10 20:04:09 status half-installed libdebconfclient0:armhf 0.192
2015-07-10 20:04:09 status unpacked libdebconfclient0:armhf 0.192
2015-07-10 20:04:09 status unpacked libdebconfclient0:armhf 0.192
2015-07-10 20:04:09 install coreutils:armhf <none> 8.23-4
2015-07-10 20:04:09 status half-installed coreutils:armhf 8.23-4
2015-07-10 20:04:12 status unpacked coreutils:armhf 8.23-4
2015-07-10 20:04:12 status unpacked coreutils:armhf 8.23-4
2015-07-10 20:04:12 install libcryptsetup4:armhf <none> 2:1.6.6-5
2015-07-10 20:04:12 status half-installed libcryptsetup4:armhf 2:1.6.6-5
2015-07-10 20:04:12 status unpacked libcryptsetup4:armhf 2:1.6.6-5
2015-07-10 20:04:12 status unpacked libcryptsetup4:armhf 2:1.6.6-5
2015-07-10 20:04:12 install dash:armhf <none> 0.5.7-4+b1
2015-07-10 20:04:12 status half-installed dash:armhf 0.5.7-4+b1
2015-07-10 20:04:12 status unpacked dash:armhf 0.5.7-4+b1
2015-07-10 20:04:12 status unpacked dash:armhf 0.5.7-4+b1
2015-07-10 20:04:12 install libdb5.3:armhf <none> 5.3.28-9
2015-07-10 20:04:12 status half-installed libdb5.3:armhf 5.3.28-9
2015-07-10 20:04:13 status unpacked libdb5.3:armhf 5.3.28-9
2015-07-10 20:04:13 status unpacked libdb5.3:armhf 5.3.28-9
2015-07-10 20:04:13 install debconf:all <none> 1.5.56
2015-07-10 20:04:13 status half-installed debconf:all 1.5.56
2015-07-10 20:04:14 status unpacked debconf:all 1.5.56
2015-07-10 20:04:14 status unpacked debconf:all 1.5.56
2015-07-10 20:04:14 install debconf-i18n:all <none> 1.5.56
2015-07-10 20:04:14 status half-installed debconf-i18n:all 1.5.56
2015-07-10 20:04:14 status unpacked debconf-i18n:all 1.5.56
2015-07-10 20:04:14 status unpacked debconf-i18n:all 1.5.56
2015-07-10 20:04:15 install debianutils:armhf <none> 4.4+b1
2015-07-10 20:04:15 status half-installed debianutils:armhf 4.4+b1
2015-07-10 20:04:15 status unpacked debianutils:armhf 4.4+b1
2015-07-10 20:04:15 status unpacked debianutils:armhf 4.4+b1
2015-07-10 20:04:15 install diffutils:armhf <none> 1:3.3-1+b1
2015-07-10 20:04:15 status half-installed diffutils:armhf 1:3.3-1+b1
2015-07-10 20:04:16 status unpacked diffutils:armhf 1:3.3-1+b1
2015-07-10 20:04:16 status unpacked diffutils:armhf 1:3.3-1+b1
2015-07-10 20:04:16 upgrade dpkg:armhf 1.17.25 1.17.25
2015-07-10 20:04:16 status half-configured dpkg:armhf 1.17.25
2015-07-10 20:04:16 status unpacked dpkg:armhf 1.17.25
2015-07-10 20:04:16 status half-installed dpkg:armhf 1.17.25
2015-07-10 20:04:17 status half-installed dpkg:armhf 1.17.25
2015-07-10 20:04:17 status unpacked dpkg:armhf 1.17.25
2015-07-10 20:04:17 status unpacked dpkg:armhf 1.17.25
2015-07-10 20:04:17 install e2fslibs:armhf <none> 1.42.12-1.1
2015-07-10 20:04:17 status half-installed e2fslibs:armhf 1.42.12-1.1
2015-07-10 20:04:17 status unpacked e2fslibs:armhf 1.42.12-1.1
2015-07-10 20:04:17 status unpacked e2fslibs:armhf 1.42.12-1.1
2015-07-10 20:04:17 install e2fsprogs:armhf <none> 1.42.12-1.1
2015-07-10 20:04:17 status half-installed e2fsprogs:armhf 1.42.12-1.1
2015-07-10 20:04:18 status unpacked e2fsprogs:armhf 1.42.12-1.1
2015-07-10 20:04:18 status unpacked e2fsprogs:armhf 1.42.12-1.1
2015-07-10 20:04:18 install libcomerr2:armhf <none> 1.42.12-1.1
2015-07-10 20:04:18 status half-installed libcomerr2:armhf 1.42.12-1.1
2015-07-10 20:04:18 status unpacked libcomerr2:armhf 1.42.12-1.1
2015-07-10 20:04:18 status unpacked libcomerr2:armhf 1.42.12-1.1
2015-07-10 20:04:18 install libss2:armhf <none> 1.42.12-1.1
2015-07-10 20:04:18 status half-installed libss2:armhf 1.42.12-1.1
2015-07-10 20:04:18 status unpacked libss2:armhf 1.42.12-1.1
2015-07-10 20:04:18 status unpacked libss2:armhf 1.42.12-1.1
2015-07-10 20:04:18 install findutils:armhf <none> 4.4.2-9+b1
2015-07-10 20:04:18 status half-installed findutils:armhf 4.4.2-9+b1
2015-07-10 20:04:19 status unpacked findutils:armhf 4.4.2-9+b1
2015-07-10 20:04:19 status unpacked findutils:armhf 4.4.2-9+b1
2015-07-10 20:04:19 install gcc-4.8-base:armhf <none> 4.8.4-1
2015-07-10 20:04:19 status half-installed gcc-4.8-base:armhf 4.8.4-1
2015-07-10 20:04:19 status unpacked gcc-4.8-base:armhf 4.8.4-1
2015-07-10 20:04:19 status unpacked gcc-4.8-base:armhf 4.8.4-1
2015-07-10 20:04:19 install gcc-4.9-base:armhf <none> 4.9.2-10
2015-07-10 20:04:19 status half-installed gcc-4.9-base:armhf 4.9.2-10
2015-07-10 20:04:19 status unpacked gcc-4.9-base:armhf 4.9.2-10
2015-07-10 20:04:19 status unpacked gcc-4.9-base:armhf 4.9.2-10
2015-07-10 20:04:19 install libgcc1:armhf <none> 1:4.9.2-10
2015-07-10 20:04:19 status half-installed libgcc1:armhf 1:4.9.2-10
2015-07-10 20:04:19 status unpacked libgcc1:armhf 1:4.9.2-10
2015-07-10 20:04:19 status unpacked libgcc1:armhf 1:4.9.2-10
2015-07-10 20:04:19 install libc-bin:armhf <none> 2.19-18
2015-07-10 20:04:19 status half-installed libc-bin:armhf 2.19-18
2015-07-10 20:04:20 status unpacked libc-bin:armhf 2.19-18
2015-07-10 20:04:20 status unpacked libc-bin:armhf 2.19-18
2015-07-10 20:04:20 upgrade libc6:armhf 2.19-18 2.19-18
2015-07-10 20:04:20 status half-configured libc6:armhf 2.19-18
2015-07-10 20:04:20 status unpacked libc6:armhf 2.19-18
2015-07-10 20:04:20 status half-installed libc6:armhf 2.19-18
2015-07-10 20:04:24 status half-installed libc6:armhf 2.19-18
2015-07-10 20:04:24 status unpacked libc6:armhf 2.19-18
2015-07-10 20:04:24 status unpacked libc6:armhf 2.19-18
2015-07-10 20:04:24 install multiarch-support:armhf <none> 2.19-18
2015-07-10 20:04:24 status half-installed multiarch-support:armhf 2.19-18
2015-07-10 20:04:24 status unpacked multiarch-support:armhf 2.19-18
2015-07-10 20:04:24 status unpacked multiarch-support:armhf 2.19-18
2015-07-10 20:04:24 install grep:armhf <none> 2.20-4.1
2015-07-10 20:04:24 status half-installed grep:armhf 2.20-4.1
2015-07-10 20:04:24 status unpacked grep:armhf 2.20-4.1
2015-07-10 20:04:24 status unpacked grep:armhf 2.20-4.1
2015-07-10 20:04:25 install gzip:armhf <none> 1.6-4
2015-07-10 20:04:25 status half-installed gzip:armhf 1.6-4
2015-07-10 20:04:25 status unpacked gzip:armhf 1.6-4
2015-07-10 20:04:25 status unpacked gzip:armhf 1.6-4
2015-07-10 20:04:25 install hostname:armhf <none> 3.15
2015-07-10 20:04:25 status half-installed hostname:armhf 3.15
2015-07-10 20:04:25 status unpacked hostname:armhf 3.15
2015-07-10 20:04:25 status unpacked hostname:armhf 3.15
2015-07-10 20:04:25 install init:armhf <none> 1.22
2015-07-10 20:04:25 status half-installed init:armhf 1.22
2015-07-10 20:04:25 status unpacked init:armhf 1.22
2015-07-10 20:04:25 status unpacked init:armhf 1.22
2015-07-10 20:04:25 install insserv:armhf <none> 1.14.0-5
2015-07-10 20:04:25 status half-installed insserv:armhf 1.14.0-5
2015-07-10 20:04:25 status unpacked insserv:armhf 1.14.0-5
2015-07-10 20:04:25 status unpacked insserv:armhf 1.14.0-5
2015-07-10 20:04:25 install libkmod2:armhf <none> 18-3
2015-07-10 20:04:25 status half-installed libkmod2:armhf 18-3
2015-07-10 20:04:25 status unpacked libkmod2:armhf 18-3
2015-07-10 20:04:25 status unpacked libkmod2:armhf 18-3
2015-07-10 20:04:26 install libcap2:armhf <none> 1:2.24-8
2015-07-10 20:04:26 status half-installed libcap2:armhf 1:2.24-8
2015-07-10 20:04:26 status unpacked libcap2:armhf 1:2.24-8
2015-07-10 20:04:26 status unpacked libcap2:armhf 1:2.24-8
2015-07-10 20:04:26 install libcap2-bin:armhf <none> 1:2.24-8
2015-07-10 20:04:26 status half-installed libcap2-bin:armhf 1:2.24-8
2015-07-10 20:04:26 status unpacked libcap2-bin:armhf 1:2.24-8
2015-07-10 20:04:26 status unpacked libcap2-bin:armhf 1:2.24-8
2015-07-10 20:04:26 install libgcrypt20:armhf <none> 1.6.3-2
2015-07-10 20:04:26 status half-installed libgcrypt20:armhf 1.6.3-2
2015-07-10 20:04:26 status unpacked libgcrypt20:armhf 1.6.3-2
2015-07-10 20:04:26 status unpacked libgcrypt20:armhf 1.6.3-2
2015-07-10 20:04:26 install libgpg-error0:armhf <none> 1.17-3
2015-07-10 20:04:26 status half-installed libgpg-error0:armhf 1.17-3
2015-07-10 20:04:27 status unpacked libgpg-error0:armhf 1.17-3
2015-07-10 20:04:27 status unpacked libgpg-error0:armhf 1.17-3
2015-07-10 20:04:27 install liblocale-gettext-perl:armhf <none> 1.05-8+b1
2015-07-10 20:04:27 status half-installed liblocale-gettext-perl:armhf 1.05-8+b1
2015-07-10 20:04:27 status unpacked liblocale-gettext-perl:armhf 1.05-8+b1
2015-07-10 20:04:27 status unpacked liblocale-gettext-perl:armhf 1.05-8+b1
2015-07-10 20:04:27 install libselinux1:armhf <none> 2.3-2
2015-07-10 20:04:27 status half-installed libselinux1:armhf 2.3-2
2015-07-10 20:04:27 status unpacked libselinux1:armhf 2.3-2
2015-07-10 20:04:27 status unpacked libselinux1:armhf 2.3-2
2015-07-10 20:04:27 install libsemanage-common:all <none> 2.3-1
2015-07-10 20:04:27 status half-installed libsemanage-common:all 2.3-1
2015-07-10 20:04:27 status unpacked libsemanage-common:all 2.3-1
2015-07-10 20:04:27 status unpacked libsemanage-common:all 2.3-1
2015-07-10 20:04:27 install libsemanage1:armhf <none> 2.3-1+b1
2015-07-10 20:04:27 status half-installed libsemanage1:armhf 2.3-1+b1
2015-07-10 20:04:27 status unpacked libsemanage1:armhf 2.3-1+b1
2015-07-10 20:04:27 status unpacked libsemanage1:armhf 2.3-1+b1
2015-07-10 20:04:27 install libsepol1:armhf <none> 2.3-2
2015-07-10 20:04:27 status half-installed libsepol1:armhf 2.3-2
2015-07-10 20:04:28 status unpacked libsepol1:armhf 2.3-2
2015-07-10 20:04:28 status unpacked libsepol1:armhf 2.3-2
2015-07-10 20:04:28 install libtext-charwidth-perl:armhf <none> 0.04-7+b4
2015-07-10 20:04:28 status half-installed libtext-charwidth-perl:armhf 0.04-7+b4
2015-07-10 20:04:28 status unpacked libtext-charwidth-perl:armhf 0.04-7+b4
2015-07-10 20:04:28 status unpacked libtext-charwidth-perl:armhf 0.04-7+b4
2015-07-10 20:04:28 install libtext-iconv-perl:armhf <none> 1.7-5+b2
2015-07-10 20:04:28 status half-installed libtext-iconv-perl:armhf 1.7-5+b2
2015-07-10 20:04:28 status unpacked libtext-iconv-perl:armhf 1.7-5+b2
2015-07-10 20:04:28 status unpacked libtext-iconv-perl:armhf 1.7-5+b2
2015-07-10 20:04:28 install libtext-wrapi18n-perl:all <none> 0.06-7
2015-07-10 20:04:28 status half-installed libtext-wrapi18n-perl:all 0.06-7
2015-07-10 20:04:28 status unpacked libtext-wrapi18n-perl:all 0.06-7
2015-07-10 20:04:28 status unpacked libtext-wrapi18n-perl:all 0.06-7
2015-07-10 20:04:28 install lsb-base:all <none> 4.1+Debian13+nmu1
2015-07-10 20:04:28 status half-installed lsb-base:all 4.1+Debian13+nmu1
2015-07-10 20:04:28 status unpacked lsb-base:all 4.1+Debian13+nmu1
2015-07-10 20:04:28 status unpacked lsb-base:all 4.1+Debian13+nmu1
2015-07-10 20:04:28 install dmsetup:armhf <none> 2:1.02.90-2.2
2015-07-10 20:04:28 status half-installed dmsetup:armhf 2:1.02.90-2.2
2015-07-10 20:04:28 status unpacked dmsetup:armhf 2:1.02.90-2.2
2015-07-10 20:04:28 status unpacked dmsetup:armhf 2:1.02.90-2.2
2015-07-10 20:04:29 install libdevmapper1.02.1:armhf <none> 2:1.02.90-2.2
2015-07-10 20:04:29 status half-installed libdevmapper1.02.1:armhf 2:1.02.90-2.2
2015-07-10 20:04:29 status unpacked libdevmapper1.02.1:armhf 2:1.02.90-2.2
2015-07-10 20:04:29 status unpacked libdevmapper1.02.1:armhf 2:1.02.90-2.2
2015-07-10 20:04:29 upgrade mawk:armhf 1.3.3-17 1.3.3-17
2015-07-10 20:04:29 status half-configured mawk:armhf 1.3.3-17
2015-07-10 20:04:29 status unpacked mawk:armhf 1.3.3-17
2015-07-10 20:04:29 status half-installed mawk:armhf 1.3.3-17
2015-07-10 20:04:29 status half-installed mawk:armhf 1.3.3-17
2015-07-10 20:04:29 status unpacked mawk:armhf 1.3.3-17
2015-07-10 20:04:29 status unpacked mawk:armhf 1.3.3-17
2015-07-10 20:04:29 install libncurses5:armhf <none> 5.9+20140913-1+b1
2015-07-10 20:04:29 status half-installed libncurses5:armhf 5.9+20140913-1+b1
2015-07-10 20:04:29 status unpacked libncurses5:armhf 5.9+20140913-1+b1
2015-07-10 20:04:29 status unpacked libncurses5:armhf 5.9+20140913-1+b1
2015-07-10 20:04:29 install libncursesw5:armhf <none> 5.9+20140913-1+b1
2015-07-10 20:04:29 status half-installed libncursesw5:armhf 5.9+20140913-1+b1
2015-07-10 20:04:29 status unpacked libncursesw5:armhf 5.9+20140913-1+b1
2015-07-10 20:04:29 status unpacked libncursesw5:armhf 5.9+20140913-1+b1
2015-07-10 20:04:29 install libtinfo5:armhf <none> 5.9+20140913-1+b1
2015-07-10 20:04:29 status half-installed libtinfo5:armhf 5.9+20140913-1+b1
2015-07-10 20:04:30 status unpacked libtinfo5:armhf 5.9+20140913-1+b1
2015-07-10 20:04:30 status unpacked libtinfo5:armhf 5.9+20140913-1+b1
2015-07-10 20:04:30 install ncurses-base:all <none> 5.9+20140913-1
2015-07-10 20:04:30 status half-installed ncurses-base:all 5.9+20140913-1
2015-07-10 20:04:30 status unpacked ncurses-base:all 5.9+20140913-1
2015-07-10 20:04:30 status unpacked ncurses-base:all 5.9+20140913-1
2015-07-10 20:04:30 install ncurses-bin:armhf <none> 5.9+20140913-1+b1
2015-07-10 20:04:30 status half-installed ncurses-bin:armhf 5.9+20140913-1+b1
2015-07-10 20:04:30 status unpacked ncurses-bin:armhf 5.9+20140913-1+b1
2015-07-10 20:04:30 status unpacked ncurses-bin:armhf 5.9+20140913-1+b1
2015-07-10 20:04:31 install libpam-modules:armhf <none> 1.1.8-3.1
2015-07-10 20:04:31 status half-installed libpam-modules:armhf 1.1.8-3.1
2015-07-10 20:04:32 status unpacked libpam-modules:armhf 1.1.8-3.1
2015-07-10 20:04:32 status unpacked libpam-modules:armhf 1.1.8-3.1
2015-07-10 20:04:32 install libpam-modules-bin:armhf <none> 1.1.8-3.1
2015-07-10 20:04:32 status half-installed libpam-modules-bin:armhf 1.1.8-3.1
2015-07-10 20:04:32 status unpacked libpam-modules-bin:armhf 1.1.8-3.1
2015-07-10 20:04:32 status unpacked libpam-modules-bin:armhf 1.1.8-3.1
2015-07-10 20:04:33 install libpam-runtime:all <none> 1.1.8-3.1
2015-07-10 20:04:33 status half-installed libpam-runtime:all 1.1.8-3.1
2015-07-10 20:04:33 status unpacked libpam-runtime:all 1.1.8-3.1
2015-07-10 20:04:33 status unpacked libpam-runtime:all 1.1.8-3.1
2015-07-10 20:04:33 install libpam0g:armhf <none> 1.1.8-3.1
2015-07-10 20:04:33 status half-installed libpam0g:armhf 1.1.8-3.1
2015-07-10 20:04:33 status unpacked libpam0g:armhf 1.1.8-3.1
2015-07-10 20:04:33 status unpacked libpam0g:armhf 1.1.8-3.1
2015-07-10 20:04:34 install libpcre3:armhf <none> 2:8.35-3.3
2015-07-10 20:04:34 status half-installed libpcre3:armhf 2:8.35-3.3
2015-07-10 20:04:34 status unpacked libpcre3:armhf 2:8.35-3.3
2015-07-10 20:04:34 status unpacked libpcre3:armhf 2:8.35-3.3
2015-07-10 20:04:34 upgrade perl-base:armhf 5.20.2-3+deb8u1 5.20.2-3+deb8u1
2015-07-10 20:04:34 status half-configured perl-base:armhf 5.20.2-3+deb8u1
2015-07-10 20:04:34 status unpacked perl-base:armhf 5.20.2-3+deb8u1
2015-07-10 20:04:34 status half-installed perl-base:armhf 5.20.2-3+deb8u1
2015-07-10 20:04:37 status half-installed perl-base:armhf 5.20.2-3+deb8u1
2015-07-10 20:04:37 status unpacked perl-base:armhf 5.20.2-3+deb8u1
2015-07-10 20:04:37 status unpacked perl-base:armhf 5.20.2-3+deb8u1
2015-07-10 20:04:37 install libprocps3:armhf <none> 2:3.3.9-9
2015-07-10 20:04:37 status half-installed libprocps3:armhf 2:3.3.9-9
2015-07-10 20:04:37 status unpacked libprocps3:armhf 2:3.3.9-9
2015-07-10 20:04:37 status unpacked libprocps3:armhf 2:3.3.9-9
2015-07-10 20:04:37 install procps:armhf <none> 2:3.3.9-9
2015-07-10 20:04:37 status half-installed procps:armhf 2:3.3.9-9
2015-07-10 20:04:38 status unpacked procps:armhf 2:3.3.9-9
2015-07-10 20:04:38 status unpacked procps:armhf 2:3.3.9-9
2015-07-10 20:04:38 install sed:armhf <none> 4.2.2-4+b1
2015-07-10 20:04:38 status half-installed sed:armhf 4.2.2-4+b1
2015-07-10 20:04:38 status unpacked sed:armhf 4.2.2-4+b1
2015-07-10 20:04:38 status unpacked sed:armhf 4.2.2-4+b1
2015-07-10 20:04:38 install sensible-utils:all <none> 0.0.9
2015-07-10 20:04:38 status half-installed sensible-utils:all 0.0.9
2015-07-10 20:04:38 status unpacked sensible-utils:all 0.0.9
2015-07-10 20:04:39 status unpacked sensible-utils:all 0.0.9
2015-07-10 20:04:39 install login:armhf <none> 1:4.2-3
2015-07-10 20:04:39 status half-installed login:armhf 1:4.2-3
2015-07-10 20:04:40 status unpacked login:armhf 1:4.2-3
2015-07-10 20:04:40 status unpacked login:armhf 1:4.2-3
2015-07-10 20:04:40 install passwd:armhf <none> 1:4.2-3
2015-07-10 20:04:40 status half-installed passwd:armhf 1:4.2-3
2015-07-10 20:04:42 status unpacked passwd:armhf 1:4.2-3
2015-07-10 20:04:42 status unpacked passwd:armhf 1:4.2-3
2015-07-10 20:04:42 install libslang2:armhf <none> 2.3.0-2
2015-07-10 20:04:42 status half-installed libslang2:armhf 2.3.0-2
2015-07-10 20:04:42 status unpacked libslang2:armhf 2.3.0-2
2015-07-10 20:04:42 status unpacked libslang2:armhf 2.3.0-2
2015-07-10 20:04:43 install startpar:armhf <none> 0.59-3
2015-07-10 20:04:43 status half-installed startpar:armhf 0.59-3
2015-07-10 20:04:43 status unpacked startpar:armhf 0.59-3
2015-07-10 20:04:43 status unpacked startpar:armhf 0.59-3
2015-07-10 20:04:43 install libsystemd0:armhf <none> 215-17+deb8u1
2015-07-10 20:04:43 status half-installed libsystemd0:armhf 215-17+deb8u1
2015-07-10 20:04:43 status unpacked libsystemd0:armhf 215-17+deb8u1
2015-07-10 20:04:43 status unpacked libsystemd0:armhf 215-17+deb8u1
2015-07-10 20:04:43 install libudev1:armhf <none> 215-17+deb8u1
2015-07-10 20:04:43 status half-installed libudev1:armhf 215-17+deb8u1
2015-07-10 20:04:43 status unpacked libudev1:armhf 215-17+deb8u1
2015-07-10 20:04:43 status unpacked libudev1:armhf 215-17+deb8u1
2015-07-10 20:04:43 install systemd:armhf <none> 215-17+deb8u1
2015-07-10 20:04:43 status half-installed systemd:armhf 215-17+deb8u1
2015-07-10 20:04:47 status unpacked systemd:armhf 215-17+deb8u1
2015-07-10 20:04:47 status unpacked systemd:armhf 215-17+deb8u1
2015-07-10 20:04:47 install systemd-sysv:armhf <none> 215-17+deb8u1
2015-07-10 20:04:47 status half-installed systemd-sysv:armhf 215-17+deb8u1
2015-07-10 20:04:47 status unpacked systemd-sysv:armhf 215-17+deb8u1
2015-07-10 20:04:47 status unpacked systemd-sysv:armhf 215-17+deb8u1
2015-07-10 20:04:47 install udev:armhf <none> 215-17+deb8u1
2015-07-10 20:04:47 status half-installed udev:armhf 215-17+deb8u1
2015-07-10 20:04:49 status unpacked udev:armhf 215-17+deb8u1
2015-07-10 20:04:49 status unpacked udev:armhf 215-17+deb8u1
2015-07-10 20:04:49 install initscripts:armhf <none> 2.88dsf-59
2015-07-10 20:04:49 status half-installed initscripts:armhf 2.88dsf-59
2015-07-10 20:04:50 status unpacked initscripts:armhf 2.88dsf-59
2015-07-10 20:04:50 status unpacked initscripts:armhf 2.88dsf-59
2015-07-10 20:04:50 install sysv-rc:all <none> 2.88dsf-59
2015-07-10 20:04:50 status half-installed sysv-rc:all 2.88dsf-59
2015-07-10 20:04:50 status unpacked sysv-rc:all 2.88dsf-59
2015-07-10 20:04:50 status unpacked sysv-rc:all 2.88dsf-59
2015-07-10 20:04:50 install sysvinit-utils:armhf <none> 2.88dsf-59
2015-07-10 20:04:50 status half-installed sysvinit-utils:armhf 2.88dsf-59
2015-07-10 20:04:51 status unpacked sysvinit-utils:armhf 2.88dsf-59
2015-07-10 20:04:51 status unpacked sysvinit-utils:armhf 2.88dsf-59
2015-07-10 20:04:51 install tar:armhf <none> 1.27.1-2+b1
2015-07-10 20:04:51 status half-installed tar:armhf 1.27.1-2+b1
2015-07-10 20:04:51 status unpacked tar:armhf 1.27.1-2+b1
2015-07-10 20:04:51 status unpacked tar:armhf 1.27.1-2+b1
2015-07-10 20:04:51 install tzdata:all <none> 2015d-0+deb8u1
2015-07-10 20:04:51 status half-installed tzdata:all 2015d-0+deb8u1
2015-07-10 20:04:56 status unpacked tzdata:all 2015d-0+deb8u1
2015-07-10 20:04:56 status unpacked tzdata:all 2015d-0+deb8u1
2015-07-10 20:04:56 install libustr-1.0-1:armhf <none> 1.0.4-3+b2
2015-07-10 20:04:56 status half-installed libustr-1.0-1:armhf 1.0.4-3+b2
2015-07-10 20:04:56 status unpacked libustr-1.0-1:armhf 1.0.4-3+b2
2015-07-10 20:04:56 status unpacked libustr-1.0-1:armhf 1.0.4-3+b2
2015-07-10 20:04:56 install bsdutils:armhf <none> 1:2.25.2-6
2015-07-10 20:04:56 status half-installed bsdutils:armhf 1:2.25.2-6
2015-07-10 20:04:56 status unpacked bsdutils:armhf 1:2.25.2-6
2015-07-10 20:04:56 status unpacked bsdutils:armhf 1:2.25.2-6
2015-07-10 20:04:57 install libblkid1:armhf <none> 2.25.2-6
2015-07-10 20:04:57 status half-installed libblkid1:armhf 2.25.2-6
2015-07-10 20:04:57 status unpacked libblkid1:armhf 2.25.2-6
2015-07-10 20:04:57 status unpacked libblkid1:armhf 2.25.2-6
2015-07-10 20:04:57 install libmount1:armhf <none> 2.25.2-6
2015-07-10 20:04:57 status half-installed libmount1:armhf 2.25.2-6
2015-07-10 20:04:57 status unpacked libmount1:armhf 2.25.2-6
2015-07-10 20:04:57 status unpacked libmount1:armhf 2.25.2-6
2015-07-10 20:04:57 install libsmartcols1:armhf <none> 2.25.2-6
2015-07-10 20:04:57 status half-installed libsmartcols1:armhf 2.25.2-6
2015-07-10 20:04:57 status unpacked libsmartcols1:armhf 2.25.2-6
2015-07-10 20:04:57 status unpacked libsmartcols1:armhf 2.25.2-6
2015-07-10 20:04:57 install libuuid1:armhf <none> 2.25.2-6
2015-07-10 20:04:57 status half-installed libuuid1:armhf 2.25.2-6
2015-07-10 20:04:57 status unpacked libuuid1:armhf 2.25.2-6
2015-07-10 20:04:57 status unpacked libuuid1:armhf 2.25.2-6
2015-07-10 20:04:57 install mount:armhf <none> 2.25.2-6
2015-07-10 20:04:57 status half-installed mount:armhf 2.25.2-6
2015-07-10 20:04:58 status unpacked mount:armhf 2.25.2-6
2015-07-10 20:04:58 status unpacked mount:armhf 2.25.2-6
2015-07-10 20:04:58 install util-linux:armhf <none> 2.25.2-6
2015-07-10 20:04:58 status half-installed util-linux:armhf 2.25.2-6
2015-07-10 20:05:00 status unpacked util-linux:armhf 2.25.2-6
2015-07-10 20:05:00 status unpacked util-linux:armhf 2.25.2-6
2015-07-10 20:05:00 install liblzma5:armhf <none> 5.1.1alpha+20120614-2+b3
2015-07-10 20:05:00 status half-installed liblzma5:armhf 5.1.1alpha+20120614-2+b3
2015-07-10 20:05:00 status unpacked liblzma5:armhf 5.1.1alpha+20120614-2+b3
2015-07-10 20:05:00 status unpacked liblzma5:armhf 5.1.1alpha+20120614-2+b3
2015-07-10 20:05:00 install zlib1g:armhf <none> 1:1.2.8.dfsg-2+b1
2015-07-10 20:05:00 status half-installed zlib1g:armhf 1:1.2.8.dfsg-2+b1
2015-07-10 20:05:00 status unpacked zlib1g:armhf 1:1.2.8.dfsg-2+b1
2015-07-10 20:05:00 status unpacked zlib1g:armhf 1:1.2.8.dfsg-2+b1
2015-07-10 20:05:00 startup packages configure
2015-07-10 20:05:00 configure gcc-4.8-base:armhf 4.8.4-1 <none>
2015-07-10 20:05:00 status unpacked gcc-4.8-base:armhf 4.8.4-1
2015-07-10 20:05:00 status half-configured gcc-4.8-base:armhf 4.8.4-1
2015-07-10 20:05:00 status installed gcc-4.8-base:armhf 4.8.4-1
2015-07-10 20:05:00 configure lsb-base:all 4.1+Debian13+nmu1 <none>
2015-07-10 20:05:00 status unpacked lsb-base:all 4.1+Debian13+nmu1
2015-07-10 20:05:00 status half-configured lsb-base:all 4.1+Debian13+nmu1
2015-07-10 20:05:00 status installed lsb-base:all 4.1+Debian13+nmu1
2015-07-10 20:05:01 configure sensible-utils:all 0.0.9 <none>
2015-07-10 20:05:01 status unpacked sensible-utils:all 0.0.9
2015-07-10 20:05:01 status half-configured sensible-utils:all 0.0.9
2015-07-10 20:05:01 status installed sensible-utils:all 0.0.9
2015-07-10 20:05:01 configure ncurses-base:all 5.9+20140913-1 <none>
2015-07-10 20:05:01 status unpacked ncurses-base:all 5.9+20140913-1
2015-07-10 20:05:01 status unpacked ncurses-base:all 5.9+20140913-1
2015-07-10 20:05:01 status half-configured ncurses-base:all 5.9+20140913-1
2015-07-10 20:05:01 status installed ncurses-base:all 5.9+20140913-1
2015-07-10 20:05:01 configure libsemanage-common:all 2.3-1 <none>
2015-07-10 20:05:01 status unpacked libsemanage-common:all 2.3-1
2015-07-10 20:05:01 status unpacked libsemanage-common:all 2.3-1
2015-07-10 20:05:01 status half-configured libsemanage-common:all 2.3-1
2015-07-10 20:05:01 status installed libsemanage-common:all 2.3-1
2015-07-10 20:05:01 configure gcc-4.9-base:armhf 4.9.2-10 <none>
2015-07-10 20:05:01 status unpacked gcc-4.9-base:armhf 4.9.2-10
2015-07-10 20:05:01 status half-configured gcc-4.9-base:armhf 4.9.2-10
2015-07-10 20:05:01 status installed gcc-4.9-base:armhf 4.9.2-10
2015-07-10 20:05:01 configure libaudit-common:all 1:2.4-1 <none>
2015-07-10 20:05:01 status unpacked libaudit-common:all 1:2.4-1
2015-07-10 20:05:01 status unpacked libaudit-common:all 1:2.4-1
2015-07-10 20:05:01 status half-configured libaudit-common:all 1:2.4-1
2015-07-10 20:05:01 status installed libaudit-common:all 1:2.4-1
2015-07-10 20:05:01 configure libc6:armhf 2.19-18 <none>
2015-07-10 20:05:01 status unpacked libc6:armhf 2.19-18
2015-07-10 20:05:01 status unpacked libc6:armhf 2.19-18
2015-07-10 20:05:01 status half-configured libc6:armhf 2.19-18
2015-07-10 20:05:03 status installed libc6:armhf 2.19-18
2015-07-10 20:05:03 configure startpar:armhf 0.59-3 <none>
2015-07-10 20:05:03 status unpacked startpar:armhf 0.59-3
2015-07-10 20:05:03 status unpacked startpar:armhf 0.59-3
2015-07-10 20:05:03 status half-configured startpar:armhf 0.59-3
2015-07-10 20:05:03 status installed startpar:armhf 0.59-3
2015-07-10 20:05:03 configure diffutils:armhf 1:3.3-1+b1 <none>
2015-07-10 20:05:03 status unpacked diffutils:armhf 1:3.3-1+b1
2015-07-10 20:05:04 status half-configured diffutils:armhf 1:3.3-1+b1
2015-07-10 20:05:04 status installed diffutils:armhf 1:3.3-1+b1
2015-07-10 20:05:04 configure insserv:armhf 1.14.0-5 <none>
2015-07-10 20:05:04 status unpacked insserv:armhf 1.14.0-5
2015-07-10 20:05:04 status unpacked insserv:armhf 1.14.0-5
2015-07-10 20:05:04 status unpacked insserv:armhf 1.14.0-5
2015-07-10 20:05:04 status half-configured insserv:armhf 1.14.0-5
2015-07-10 20:05:04 status installed insserv:armhf 1.14.0-5
2015-07-10 20:05:04 configure findutils:armhf 4.4.2-9+b1 <none>
2015-07-10 20:05:04 status unpacked findutils:armhf 4.4.2-9+b1
2015-07-10 20:05:04 status half-configured findutils:armhf 4.4.2-9+b1
2015-07-10 20:05:04 status installed findutils:armhf 4.4.2-9+b1
2015-07-10 20:05:04 configure debianutils:armhf 4.4+b1 <none>
2015-07-10 20:05:04 status unpacked debianutils:armhf 4.4+b1
2015-07-10 20:05:04 status half-configured debianutils:armhf 4.4+b1
2015-07-10 20:05:04 status installed debianutils:armhf 4.4+b1
2015-07-10 20:05:04 configure hostname:armhf 3.15 <none>
2015-07-10 20:05:04 status unpacked hostname:armhf 3.15
2015-07-10 20:05:04 status half-configured hostname:armhf 3.15
2015-07-10 20:05:04 status installed hostname:armhf 3.15
2015-07-10 20:05:04 configure multiarch-support:armhf 2.19-18 <none>
2015-07-10 20:05:04 status unpacked multiarch-support:armhf 2.19-18
2015-07-10 20:05:04 status half-configured multiarch-support:armhf 2.19-18
2015-07-10 20:05:04 status installed multiarch-support:armhf 2.19-18
2015-07-10 20:05:04 configure mawk:armhf 1.3.3-17 <none>
2015-07-10 20:05:04 status unpacked mawk:armhf 1.3.3-17
2015-07-10 20:05:04 status half-configured mawk:armhf 1.3.3-17
2015-07-10 20:05:04 status installed mawk:armhf 1.3.3-17
2015-07-10 20:05:04 configure libprocps3:armhf 2:3.3.9-9 <none>
2015-07-10 20:05:04 status unpacked libprocps3:armhf 2:3.3.9-9
2015-07-10 20:05:04 status half-configured libprocps3:armhf 2:3.3.9-9
2015-07-10 20:05:04 status installed libprocps3:armhf 2:3.3.9-9
2015-07-10 20:05:04 configure libpcre3:armhf 2:8.35-3.3 <none>
2015-07-10 20:05:04 status unpacked libpcre3:armhf 2:8.35-3.3
2015-07-10 20:05:04 status half-configured libpcre3:armhf 2:8.35-3.3
2015-07-10 20:05:04 status installed libpcre3:armhf 2:8.35-3.3
2015-07-10 20:05:04 configure libbz2-1.0:armhf 1.0.6-7+b3 <none>
2015-07-10 20:05:04 status unpacked libbz2-1.0:armhf 1.0.6-7+b3
2015-07-10 20:05:04 status half-configured libbz2-1.0:armhf 1.0.6-7+b3
2015-07-10 20:05:04 status installed libbz2-1.0:armhf 1.0.6-7+b3
2015-07-10 20:05:04 configure libkmod2:armhf 18-3 <none>
2015-07-10 20:05:04 status unpacked libkmod2:armhf 18-3
2015-07-10 20:05:04 status half-configured libkmod2:armhf 18-3
2015-07-10 20:05:04 status installed libkmod2:armhf 18-3
2015-07-10 20:05:04 configure libgpg-error0:armhf 1.17-3 <none>
2015-07-10 20:05:04 status unpacked libgpg-error0:armhf 1.17-3
2015-07-10 20:05:04 status half-configured libgpg-error0:armhf 1.17-3
2015-07-10 20:05:05 status installed libgpg-error0:armhf 1.17-3
2015-07-10 20:05:05 configure base-files:armhf 8+deb8u1 <none>
2015-07-10 20:05:05 status unpacked base-files:armhf 8+deb8u1
2015-07-10 20:05:05 status unpacked base-files:armhf 8+deb8u1
2015-07-10 20:05:05 status unpacked base-files:armhf 8+deb8u1
2015-07-10 20:05:05 status unpacked base-files:armhf 8+deb8u1
2015-07-10 20:05:05 status unpacked base-files:armhf 8+deb8u1
2015-07-10 20:05:05 status unpacked base-files:armhf 8+deb8u1
2015-07-10 20:05:05 status half-configured base-files:armhf 8+deb8u1
2015-07-10 20:05:05 status installed base-files:armhf 8+deb8u1
2015-07-10 20:05:05 configure libdebconfclient0:armhf 0.192 <none>
2015-07-10 20:05:05 status unpacked libdebconfclient0:armhf 0.192
2015-07-10 20:05:05 status half-configured libdebconfclient0:armhf 0.192
2015-07-10 20:05:05 status installed libdebconfclient0:armhf 0.192
2015-07-10 20:05:05 configure libselinux1:armhf 2.3-2 <none>
2015-07-10 20:05:05 status unpacked libselinux1:armhf 2.3-2
2015-07-10 20:05:05 status half-configured libselinux1:armhf 2.3-2
2015-07-10 20:05:05 status installed libselinux1:armhf 2.3-2
2015-07-10 20:05:05 configure libcomerr2:armhf 1.42.12-1.1 <none>
2015-07-10 20:05:05 status unpacked libcomerr2:armhf 1.42.12-1.1
2015-07-10 20:05:05 status half-configured libcomerr2:armhf 1.42.12-1.1
2015-07-10 20:05:05 status installed libcomerr2:armhf 1.42.12-1.1
2015-07-10 20:05:05 configure libslang2:armhf 2.3.0-2 <none>
2015-07-10 20:05:05 status unpacked libslang2:armhf 2.3.0-2
2015-07-10 20:05:05 status half-configured libslang2:armhf 2.3.0-2
2015-07-10 20:05:05 status installed libslang2:armhf 2.3.0-2
2015-07-10 20:05:05 configure libsepol1:armhf 2.3-2 <none>
2015-07-10 20:05:05 status unpacked libsepol1:armhf 2.3-2
2015-07-10 20:05:05 status half-configured libsepol1:armhf 2.3-2
2015-07-10 20:05:05 status installed libsepol1:armhf 2.3-2
2015-07-10 20:05:05 configure libgcc1:armhf 1:4.9.2-10 <none>
2015-07-10 20:05:05 status unpacked libgcc1:armhf 1:4.9.2-10
2015-07-10 20:05:05 status half-configured libgcc1:armhf 1:4.9.2-10
2015-07-10 20:05:05 status installed libgcc1:armhf 1:4.9.2-10
2015-07-10 20:05:05 configure libustr-1.0-1:armhf 1.0.4-3+b2 <none>
2015-07-10 20:05:05 status unpacked libustr-1.0-1:armhf 1.0.4-3+b2
2015-07-10 20:05:05 status half-configured libustr-1.0-1:armhf 1.0.4-3+b2
2015-07-10 20:05:05 status installed libustr-1.0-1:armhf 1.0.4-3+b2
2015-07-10 20:05:05 configure libsmartcols1:armhf 2.25.2-6 <none>
2015-07-10 20:05:05 status unpacked libsmartcols1:armhf 2.25.2-6
2015-07-10 20:05:06 status half-configured libsmartcols1:armhf 2.25.2-6
2015-07-10 20:05:06 status installed libsmartcols1:armhf 2.25.2-6
2015-07-10 20:05:06 configure libaudit1:armhf 1:2.4-1+b1 <none>
2015-07-10 20:05:06 status unpacked libaudit1:armhf 1:2.4-1+b1
2015-07-10 20:05:06 status half-configured libaudit1:armhf 1:2.4-1+b1
2015-07-10 20:05:06 status installed libaudit1:armhf 1:2.4-1+b1
2015-07-10 20:05:06 configure libtinfo5:armhf 5.9+20140913-1+b1 <none>
2015-07-10 20:05:06 status unpacked libtinfo5:armhf 5.9+20140913-1+b1
2015-07-10 20:05:06 status half-configured libtinfo5:armhf 5.9+20140913-1+b1
2015-07-10 20:05:06 status installed libtinfo5:armhf 5.9+20140913-1+b1
2015-07-10 20:05:06 configure libudev1:armhf 215-17+deb8u1 <none>
2015-07-10 20:05:06 status unpacked libudev1:armhf 215-17+deb8u1
2015-07-10 20:05:06 status half-configured libudev1:armhf 215-17+deb8u1
2015-07-10 20:05:06 status installed libudev1:armhf 215-17+deb8u1
2015-07-10 20:05:06 configure libattr1:armhf 1:2.4.47-2 <none>
2015-07-10 20:05:06 status unpacked libattr1:armhf 1:2.4.47-2
2015-07-10 20:05:06 status half-configured libattr1:armhf 1:2.4.47-2
2015-07-10 20:05:06 status installed libattr1:armhf 1:2.4.47-2
2015-07-10 20:05:06 configure libss2:armhf 1.42.12-1.1 <none>
2015-07-10 20:05:06 status unpacked libss2:armhf 1.42.12-1.1
2015-07-10 20:05:06 status half-configured libss2:armhf 1.42.12-1.1
2015-07-10 20:05:06 status installed libss2:armhf 1.42.12-1.1
2015-07-10 20:05:06 configure liblzma5:armhf 5.1.1alpha+20120614-2+b3 <none>
2015-07-10 20:05:06 status unpacked liblzma5:armhf 5.1.1alpha+20120614-2+b3
2015-07-10 20:05:06 status half-configured liblzma5:armhf 5.1.1alpha+20120614-2+b3
2015-07-10 20:05:06 status installed liblzma5:armhf 5.1.1alpha+20120614-2+b3
2015-07-10 20:05:06 configure base-passwd:armhf 3.5.37 <none>
2015-07-10 20:05:06 status unpacked base-passwd:armhf 3.5.37
2015-07-10 20:05:06 status half-configured base-passwd:armhf 3.5.37
2015-07-10 20:05:07 status installed base-passwd:armhf 3.5.37
2015-07-10 20:05:07 configure e2fslibs:armhf 1.42.12-1.1 <none>
2015-07-10 20:05:07 status unpacked e2fslibs:armhf 1.42.12-1.1
2015-07-10 20:05:07 status half-configured e2fslibs:armhf 1.42.12-1.1
2015-07-10 20:05:07 status installed e2fslibs:armhf 1.42.12-1.1
2015-07-10 20:05:07 configure libgcrypt20:armhf 1.6.3-2 <none>
2015-07-10 20:05:07 status unpacked libgcrypt20:armhf 1.6.3-2
2015-07-10 20:05:07 status half-configured libgcrypt20:armhf 1.6.3-2
2015-07-10 20:05:07 status installed libgcrypt20:armhf 1.6.3-2
2015-07-10 20:05:07 configure libncursesw5:armhf 5.9+20140913-1+b1 <none>
2015-07-10 20:05:07 status unpacked libncursesw5:armhf 5.9+20140913-1+b1
2015-07-10 20:05:07 status half-configured libncursesw5:armhf 5.9+20140913-1+b1
2015-07-10 20:05:08 status installed libncursesw5:armhf 5.9+20140913-1+b1
2015-07-10 20:05:08 configure libdb5.3:armhf 5.3.28-9 <none>
2015-07-10 20:05:08 status unpacked libdb5.3:armhf 5.3.28-9
2015-07-10 20:05:08 status half-configured libdb5.3:armhf 5.3.28-9
2015-07-10 20:05:08 status installed libdb5.3:armhf 5.3.28-9
2015-07-10 20:05:08 configure zlib1g:armhf 1:1.2.8.dfsg-2+b1 <none>
2015-07-10 20:05:08 status unpacked zlib1g:armhf 1:1.2.8.dfsg-2+b1
2015-07-10 20:05:08 status half-configured zlib1g:armhf 1:1.2.8.dfsg-2+b1
2015-07-10 20:05:08 status installed zlib1g:armhf 1:1.2.8.dfsg-2+b1
2015-07-10 20:05:08 configure libcap2:armhf 1:2.24-8 <none>
2015-07-10 20:05:08 status unpacked libcap2:armhf 1:2.24-8
2015-07-10 20:05:08 status half-configured libcap2:armhf 1:2.24-8
2015-07-10 20:05:08 status installed libcap2:armhf 1:2.24-8
2015-07-10 20:05:08 configure libsystemd0:armhf 215-17+deb8u1 <none>
2015-07-10 20:05:08 status unpacked libsystemd0:armhf 215-17+deb8u1
2015-07-10 20:05:08 status half-configured libsystemd0:armhf 215-17+deb8u1
2015-07-10 20:05:08 status installed libsystemd0:armhf 215-17+deb8u1
2015-07-10 20:05:08 configure libdevmapper1.02.1:armhf 2:1.02.90-2.2 <none>
2015-07-10 20:05:08 status unpacked libdevmapper1.02.1:armhf 2:1.02.90-2.2
2015-07-10 20:05:08 status half-configured libdevmapper1.02.1:armhf 2:1.02.90-2.2
2015-07-10 20:05:08 status installed libdevmapper1.02.1:armhf 2:1.02.90-2.2
2015-07-10 20:05:08 configure libc-bin:armhf 2.19-18 <none>
2015-07-10 20:05:08 status unpacked libc-bin:armhf 2.19-18
2015-07-10 20:05:08 status unpacked libc-bin:armhf 2.19-18
2015-07-10 20:05:08 status unpacked libc-bin:armhf 2.19-18
2015-07-10 20:05:08 status unpacked libc-bin:armhf 2.19-18
2015-07-10 20:05:08 status unpacked libc-bin:armhf 2.19-18
2015-07-10 20:05:08 status unpacked libc-bin:armhf 2.19-18
2015-07-10 20:05:08 status half-configured libc-bin:armhf 2.19-18
2015-07-10 20:05:08 status installed libc-bin:armhf 2.19-18
2015-07-10 20:05:08 configure libsemanage1:armhf 2.3-1+b1 <none>
2015-07-10 20:05:08 status unpacked libsemanage1:armhf 2.3-1+b1
2015-07-10 20:05:08 status half-configured libsemanage1:armhf 2.3-1+b1
2015-07-10 20:05:08 status installed libsemanage1:armhf 2.3-1+b1
2015-07-10 20:05:08 status triggers-pending libc-bin:armhf 2.19-18
2015-07-10 20:05:08 configure sysvinit-utils:armhf 2.88dsf-59 <none>
2015-07-10 20:05:08 status unpacked sysvinit-utils:armhf 2.88dsf-59
2015-07-10 20:05:08 status half-configured sysvinit-utils:armhf 2.88dsf-59
2015-07-10 20:05:08 status installed sysvinit-utils:armhf 2.88dsf-59
2015-07-10 20:05:08 configure libacl1:armhf 2.2.52-2 <none>
2015-07-10 20:05:08 status unpacked libacl1:armhf 2.2.52-2
2015-07-10 20:05:08 status half-configured libacl1:armhf 2.2.52-2
2015-07-10 20:05:08 status installed libacl1:armhf 2.2.52-2
2015-07-10 20:05:08 configure ncurses-bin:armhf 5.9+20140913-1+b1 <none>
2015-07-10 20:05:08 status unpacked ncurses-bin:armhf 5.9+20140913-1+b1
2015-07-10 20:05:08 status half-configured ncurses-bin:armhf 5.9+20140913-1+b1
2015-07-10 20:05:08 status installed ncurses-bin:armhf 5.9+20140913-1+b1
2015-07-10 20:05:08 configure acl:armhf 2.2.52-2 <none>
2015-07-10 20:05:08 status unpacked acl:armhf 2.2.52-2
2015-07-10 20:05:08 status half-configured acl:armhf 2.2.52-2
2015-07-10 20:05:08 status installed acl:armhf 2.2.52-2
2015-07-10 20:05:08 configure libncurses5:armhf 5.9+20140913-1+b1 <none>
2015-07-10 20:05:08 status unpacked libncurses5:armhf 5.9+20140913-1+b1
2015-07-10 20:05:08 status half-configured libncurses5:armhf 5.9+20140913-1+b1
2015-07-10 20:05:08 status installed libncurses5:armhf 5.9+20140913-1+b1
2015-07-10 20:05:08 configure libcap2-bin:armhf 1:2.24-8 <none>
2015-07-10 20:05:08 status unpacked libcap2-bin:armhf 1:2.24-8
2015-07-10 20:05:08 status half-configured libcap2-bin:armhf 1:2.24-8
2015-07-10 20:05:08 status installed libcap2-bin:armhf 1:2.24-8
2015-07-10 20:05:08 configure bsdutils:armhf 1:2.25.2-6 <none>
2015-07-10 20:05:08 status unpacked bsdutils:armhf 1:2.25.2-6
2015-07-10 20:05:08 status half-configured bsdutils:armhf 1:2.25.2-6
2015-07-10 20:05:08 status installed bsdutils:armhf 1:2.25.2-6
2015-07-10 20:05:09 configure coreutils:armhf 8.23-4 <none>
2015-07-10 20:05:09 status unpacked coreutils:armhf 8.23-4
2015-07-10 20:05:09 status half-configured coreutils:armhf 8.23-4
2015-07-10 20:05:09 status installed coreutils:armhf 8.23-4
2015-07-10 20:05:09 configure tar:armhf 1.27.1-2+b1 <none>
2015-07-10 20:05:09 status unpacked tar:armhf 1.27.1-2+b1
2015-07-10 20:05:09 status unpacked tar:armhf 1.27.1-2+b1
2015-07-10 20:05:09 status half-configured tar:armhf 1.27.1-2+b1
2015-07-10 20:05:09 status installed tar:armhf 1.27.1-2+b1
2015-07-10 20:05:09 configure dpkg:armhf 1.17.25 <none>
2015-07-10 20:05:09 status unpacked dpkg:armhf 1.17.25
2015-07-10 20:05:09 status unpacked dpkg:armhf 1.17.25
2015-07-10 20:05:09 status unpacked dpkg:armhf 1.17.25
2015-07-10 20:05:09 status unpacked dpkg:armhf 1.17.25
2015-07-10 20:05:09 status unpacked dpkg:armhf 1.17.25
2015-07-10 20:05:09 status half-configured dpkg:armhf 1.17.25
2015-07-10 20:05:09 status installed dpkg:armhf 1.17.25
2015-07-10 20:05:09 configure sed:armhf 4.2.2-4+b1 <none>
2015-07-10 20:05:09 status unpacked sed:armhf 4.2.2-4+b1
2015-07-10 20:05:09 status half-configured sed:armhf 4.2.2-4+b1
2015-07-10 20:05:09 status installed sed:armhf 4.2.2-4+b1
2015-07-10 20:05:09 configure perl-base:armhf 5.20.2-3+deb8u1 <none>
2015-07-10 20:05:09 status unpacked perl-base:armhf 5.20.2-3+deb8u1
2015-07-10 20:05:09 status half-configured perl-base:armhf 5.20.2-3+deb8u1
2015-07-10 20:05:09 status installed perl-base:armhf 5.20.2-3+deb8u1
2015-07-10 20:05:09 configure grep:armhf 2.20-4.1 <none>
2015-07-10 20:05:09 status unpacked grep:armhf 2.20-4.1
2015-07-10 20:05:09 status half-configured grep:armhf 2.20-4.1
2015-07-10 20:05:09 status installed grep:armhf 2.20-4.1
2015-07-10 20:05:09 configure debconf:all 1.5.56 <none>
2015-07-10 20:05:09 status unpacked debconf:all 1.5.56
2015-07-10 20:05:09 status unpacked debconf:all 1.5.56
2015-07-10 20:05:09 status unpacked debconf:all 1.5.56
2015-07-10 20:05:09 status unpacked debconf:all 1.5.56
2015-07-10 20:05:09 status half-configured debconf:all 1.5.56
2015-07-10 20:05:10 status installed debconf:all 1.5.56
2015-07-10 20:05:10 configure tzdata:all 2015d-0+deb8u1 <none>
2015-07-10 20:05:10 status unpacked tzdata:all 2015d-0+deb8u1
2015-07-10 20:05:10 status half-configured tzdata:all 2015d-0+deb8u1
2015-07-10 20:05:12 status installed tzdata:all 2015d-0+deb8u1
2015-07-10 20:05:12 configure gzip:armhf 1.6-4 <none>
2015-07-10 20:05:12 status unpacked gzip:armhf 1.6-4
2015-07-10 20:05:12 status half-configured gzip:armhf 1.6-4
2015-07-10 20:05:12 status installed gzip:armhf 1.6-4
2015-07-10 20:05:12 configure dash:armhf 0.5.7-4+b1 <none>
2015-07-10 20:05:12 status unpacked dash:armhf 0.5.7-4+b1
2015-07-10 20:05:12 status half-configured dash:armhf 0.5.7-4+b1
2015-07-10 20:05:14 status installed dash:armhf 0.5.7-4+b1
2015-07-10 20:05:14 configure libtext-iconv-perl:armhf 1.7-5+b2 <none>
2015-07-10 20:05:14 status unpacked libtext-iconv-perl:armhf 1.7-5+b2
2015-07-10 20:05:14 status half-configured libtext-iconv-perl:armhf 1.7-5+b2
2015-07-10 20:05:14 status installed libtext-iconv-perl:armhf 1.7-5+b2
2015-07-10 20:05:14 configure sysv-rc:all 2.88dsf-59 <none>
2015-07-10 20:05:14 status unpacked sysv-rc:all 2.88dsf-59
2015-07-10 20:05:14 status half-configured sysv-rc:all 2.88dsf-59
2015-07-10 20:05:14 status installed sysv-rc:all 2.88dsf-59
2015-07-10 20:05:14 configure liblocale-gettext-perl:armhf 1.05-8+b1 <none>
2015-07-10 20:05:14 status unpacked liblocale-gettext-perl:armhf 1.05-8+b1
2015-07-10 20:05:14 status half-configured liblocale-gettext-perl:armhf 1.05-8+b1
2015-07-10 20:05:14 status installed liblocale-gettext-perl:armhf 1.05-8+b1
2015-07-10 20:05:14 configure libtext-charwidth-perl:armhf 0.04-7+b4 <none>
2015-07-10 20:05:14 status unpacked libtext-charwidth-perl:armhf 0.04-7+b4
2015-07-10 20:05:14 status half-configured libtext-charwidth-perl:armhf 0.04-7+b4
2015-07-10 20:05:14 status installed libtext-charwidth-perl:armhf 0.04-7+b4
2015-07-10 20:05:14 configure libpam0g:armhf 1.1.8-3.1 <none>
2015-07-10 20:05:14 status unpacked libpam0g:armhf 1.1.8-3.1
2015-07-10 20:05:14 status half-configured libpam0g:armhf 1.1.8-3.1
2015-07-10 20:05:15 status installed libpam0g:armhf 1.1.8-3.1
2015-07-10 20:05:15 configure initscripts:armhf 2.88dsf-59 <none>
2015-07-10 20:05:15 status unpacked initscripts:armhf 2.88dsf-59
2015-07-10 20:05:15 status unpacked initscripts:armhf 2.88dsf-59
2015-07-10 20:05:15 status unpacked initscripts:armhf 2.88dsf-59
2015-07-10 20:05:15 status unpacked initscripts:armhf 2.88dsf-59
2015-07-10 20:05:15 status unpacked initscripts:armhf 2.88dsf-59
2015-07-10 20:05:15 status unpacked initscripts:armhf 2.88dsf-59
2015-07-10 20:05:15 status unpacked initscripts:armhf 2.88dsf-59
2015-07-10 20:05:15 status unpacked initscripts:armhf 2.88dsf-59
2015-07-10 20:05:15 status unpacked initscripts:armhf 2.88dsf-59
2015-07-10 20:05:15 status unpacked initscripts:armhf 2.88dsf-59
2015-07-10 20:05:15 status unpacked initscripts:armhf 2.88dsf-59
2015-07-10 20:05:15 status unpacked initscripts:armhf 2.88dsf-59
2015-07-10 20:05:15 status unpacked initscripts:armhf 2.88dsf-59
2015-07-10 20:05:15 status unpacked initscripts:armhf 2.88dsf-59
2015-07-10 20:05:15 status unpacked initscripts:armhf 2.88dsf-59
2015-07-10 20:05:15 status unpacked initscripts:armhf 2.88dsf-59
2015-07-10 20:05:15 status unpacked initscripts:armhf 2.88dsf-59
2015-07-10 20:05:15 status unpacked initscripts:armhf 2.88dsf-59
2015-07-10 20:05:15 status unpacked initscripts:armhf 2.88dsf-59
2015-07-10 20:05:15 status unpacked initscripts:armhf 2.88dsf-59
2015-07-10 20:05:15 status unpacked initscripts:armhf 2.88dsf-59
2015-07-10 20:05:15 status unpacked initscripts:armhf 2.88dsf-59
2015-07-10 20:05:15 status unpacked initscripts:armhf 2.88dsf-59
2015-07-10 20:05:15 status unpacked initscripts:armhf 2.88dsf-59
2015-07-10 20:05:15 status unpacked initscripts:armhf 2.88dsf-59
2015-07-10 20:05:15 status unpacked initscripts:armhf 2.88dsf-59
2015-07-10 20:05:15 status unpacked initscripts:armhf 2.88dsf-59
2015-07-10 20:05:15 status unpacked initscripts:armhf 2.88dsf-59
2015-07-10 20:05:15 status unpacked initscripts:armhf 2.88dsf-59
2015-07-10 20:05:15 status unpacked initscripts:armhf 2.88dsf-59
2015-07-10 20:05:15 status half-configured initscripts:armhf 2.88dsf-59
2015-07-10 20:05:23 status installed initscripts:armhf 2.88dsf-59
2015-07-10 20:05:23 configure libpam-modules-bin:armhf 1.1.8-3.1 <none>
2015-07-10 20:05:23 status unpacked libpam-modules-bin:armhf 1.1.8-3.1
2015-07-10 20:05:23 status half-configured libpam-modules-bin:armhf 1.1.8-3.1
2015-07-10 20:05:23 status installed libpam-modules-bin:armhf 1.1.8-3.1
2015-07-10 20:05:23 configure bash:armhf 4.3-11+b1 <none>
2015-07-10 20:05:23 status unpacked bash:armhf 4.3-11+b1
2015-07-10 20:05:23 status unpacked bash:armhf 4.3-11+b1
2015-07-10 20:05:23 status unpacked bash:armhf 4.3-11+b1
2015-07-10 20:05:23 status unpacked bash:armhf 4.3-11+b1
2015-07-10 20:05:23 status unpacked bash:armhf 4.3-11+b1
2015-07-10 20:05:23 status half-configured bash:armhf 4.3-11+b1
2015-07-10 20:05:23 status installed bash:armhf 4.3-11+b1
2015-07-10 20:05:23 configure procps:armhf 2:3.3.9-9 <none>
2015-07-10 20:05:23 status unpacked procps:armhf 2:3.3.9-9
2015-07-10 20:05:23 status unpacked procps:armhf 2:3.3.9-9
2015-07-10 20:05:23 status unpacked procps:armhf 2:3.3.9-9
2015-07-10 20:05:23 status unpacked procps:armhf 2:3.3.9-9
2015-07-10 20:05:23 status half-configured procps:armhf 2:3.3.9-9
2015-07-10 20:05:24 status installed procps:armhf 2:3.3.9-9
2015-07-10 20:05:24 configure libtext-wrapi18n-perl:all 0.06-7 <none>
2015-07-10 20:05:24 status unpacked libtext-wrapi18n-perl:all 0.06-7
2015-07-10 20:05:24 status half-configured libtext-wrapi18n-perl:all 0.06-7
2015-07-10 20:05:24 status installed libtext-wrapi18n-perl:all 0.06-7
2015-07-10 20:05:24 configure libpam-modules:armhf 1.1.8-3.1 <none>
2015-07-10 20:05:24 status unpacked libpam-modules:armhf 1.1.8-3.1
2015-07-10 20:05:24 status unpacked libpam-modules:armhf 1.1.8-3.1
2015-07-10 20:05:24 status unpacked libpam-modules:armhf 1.1.8-3.1
2015-07-10 20:05:24 status unpacked libpam-modules:armhf 1.1.8-3.1
2015-07-10 20:05:24 status unpacked libpam-modules:armhf 1.1.8-3.1
2015-07-10 20:05:24 status unpacked libpam-modules:armhf 1.1.8-3.1
2015-07-10 20:05:24 status unpacked libpam-modules:armhf 1.1.8-3.1
2015-07-10 20:05:24 status unpacked libpam-modules:armhf 1.1.8-3.1
2015-07-10 20:05:24 status unpacked libpam-modules:armhf 1.1.8-3.1
2015-07-10 20:05:24 status half-configured libpam-modules:armhf 1.1.8-3.1
2015-07-10 20:05:24 status installed libpam-modules:armhf 1.1.8-3.1
2015-07-10 20:05:24 configure libpam-runtime:all 1.1.8-3.1 <none>
2015-07-10 20:05:24 status unpacked libpam-runtime:all 1.1.8-3.1
2015-07-10 20:05:24 status unpacked libpam-runtime:all 1.1.8-3.1
2015-07-10 20:05:24 status unpacked libpam-runtime:all 1.1.8-3.1
2015-07-10 20:05:24 status half-configured libpam-runtime:all 1.1.8-3.1
2015-07-10 20:05:25 status installed libpam-runtime:all 1.1.8-3.1
2015-07-10 20:05:25 configure debconf-i18n:all 1.5.56 <none>
2015-07-10 20:05:25 status unpacked debconf-i18n:all 1.5.56
2015-07-10 20:05:25 status half-configured debconf-i18n:all 1.5.56
2015-07-10 20:05:25 status installed debconf-i18n:all 1.5.56
2015-07-10 20:05:25 configure passwd:armhf 1:4.2-3 <none>
2015-07-10 20:05:25 status unpacked passwd:armhf 1:4.2-3
2015-07-10 20:05:25 status unpacked passwd:armhf 1:4.2-3
2015-07-10 20:05:25 status unpacked passwd:armhf 1:4.2-3
2015-07-10 20:05:25 status unpacked passwd:armhf 1:4.2-3
2015-07-10 20:05:25 status unpacked passwd:armhf 1:4.2-3
2015-07-10 20:05:25 status unpacked passwd:armhf 1:4.2-3
2015-07-10 20:05:25 status unpacked passwd:armhf 1:4.2-3
2015-07-10 20:05:25 status unpacked passwd:armhf 1:4.2-3
2015-07-10 20:05:25 status half-configured passwd:armhf 1:4.2-3
2015-07-10 20:05:26 status installed passwd:armhf 1:4.2-3
2015-07-10 20:05:26 configure login:armhf 1:4.2-3 <none>
2015-07-10 20:05:26 status unpacked login:armhf 1:4.2-3
2015-07-10 20:05:26 status unpacked login:armhf 1:4.2-3
2015-07-10 20:05:26 status unpacked login:armhf 1:4.2-3
2015-07-10 20:05:26 status unpacked login:armhf 1:4.2-3
2015-07-10 20:05:26 status unpacked login:armhf 1:4.2-3
2015-07-10 20:05:26 status half-configured login:armhf 1:4.2-3
2015-07-10 20:05:26 status installed login:armhf 1:4.2-3
2015-07-10 20:05:26 configure adduser:all 3.113+nmu3 <none>
2015-07-10 20:05:26 status unpacked adduser:all 3.113+nmu3
2015-07-10 20:05:26 status unpacked adduser:all 3.113+nmu3
2015-07-10 20:05:26 status half-configured adduser:all 3.113+nmu3
2015-07-10 20:05:27 status installed adduser:all 3.113+nmu3
2015-07-10 20:05:27 configure libuuid1:armhf 2.25.2-6 <none>
2015-07-10 20:05:27 status unpacked libuuid1:armhf 2.25.2-6
2015-07-10 20:05:27 status half-configured libuuid1:armhf 2.25.2-6
2015-07-10 20:05:27 status installed libuuid1:armhf 2.25.2-6
2015-07-10 20:05:27 configure libblkid1:armhf 2.25.2-6 <none>
2015-07-10 20:05:27 status unpacked libblkid1:armhf 2.25.2-6
2015-07-10 20:05:27 status half-configured libblkid1:armhf 2.25.2-6
2015-07-10 20:05:27 status installed libblkid1:armhf 2.25.2-6
2015-07-10 20:05:27 configure libmount1:armhf 2.25.2-6 <none>
2015-07-10 20:05:27 status unpacked libmount1:armhf 2.25.2-6
2015-07-10 20:05:27 status half-configured libmount1:armhf 2.25.2-6
2015-07-10 20:05:27 status installed libmount1:armhf 2.25.2-6
2015-07-10 20:05:27 configure util-linux:armhf 2.25.2-6 <none>
2015-07-10 20:05:27 status unpacked util-linux:armhf 2.25.2-6
2015-07-10 20:05:27 status unpacked util-linux:armhf 2.25.2-6
2015-07-10 20:05:27 status unpacked util-linux:armhf 2.25.2-6
2015-07-10 20:05:27 status unpacked util-linux:armhf 2.25.2-6
2015-07-10 20:05:27 status unpacked util-linux:armhf 2.25.2-6
2015-07-10 20:05:27 status half-configured util-linux:armhf 2.25.2-6
2015-07-10 20:05:28 status installed util-linux:armhf 2.25.2-6
2015-07-10 20:05:28 configure libcryptsetup4:armhf 2:1.6.6-5 <none>
2015-07-10 20:05:28 status unpacked libcryptsetup4:armhf 2:1.6.6-5
2015-07-10 20:05:28 status half-configured libcryptsetup4:armhf 2:1.6.6-5
2015-07-10 20:05:28 status installed libcryptsetup4:armhf 2:1.6.6-5
2015-07-10 20:05:28 configure mount:armhf 2.25.2-6 <none>
2015-07-10 20:05:28 status unpacked mount:armhf 2.25.2-6
2015-07-10 20:05:28 status half-configured mount:armhf 2.25.2-6
2015-07-10 20:05:28 status installed mount:armhf 2.25.2-6
2015-07-10 20:05:28 configure e2fsprogs:armhf 1.42.12-1.1 <none>
2015-07-10 20:05:28 status unpacked e2fsprogs:armhf 1.42.12-1.1
2015-07-10 20:05:28 status unpacked e2fsprogs:armhf 1.42.12-1.1
2015-07-10 20:05:28 status half-configured e2fsprogs:armhf 1.42.12-1.1
2015-07-10 20:05:28 status installed e2fsprogs:armhf 1.42.12-1.1
2015-07-10 20:05:28 configure udev:armhf 215-17+deb8u1 <none>
2015-07-10 20:05:28 status unpacked udev:armhf 215-17+deb8u1
2015-07-10 20:05:28 status unpacked udev:armhf 215-17+deb8u1
2015-07-10 20:05:28 status unpacked udev:armhf 215-17+deb8u1
2015-07-10 20:05:28 status unpacked udev:armhf 215-17+deb8u1
2015-07-10 20:05:28 status unpacked udev:armhf 215-17+deb8u1
2015-07-10 20:05:28 status unpacked udev:armhf 215-17+deb8u1
2015-07-10 20:05:28 status unpacked udev:armhf 215-17+deb8u1
2015-07-10 20:05:28 status unpacked udev:armhf 215-17+deb8u1
2015-07-10 20:05:28 status unpacked udev:armhf 215-17+deb8u1
2015-07-10 20:05:28 status unpacked udev:armhf 215-17+deb8u1
2015-07-10 20:05:28 status half-configured udev:armhf 215-17+deb8u1
2015-07-10 20:05:32 status installed udev:armhf 215-17+deb8u1
2015-07-10 20:05:32 configure systemd:armhf 215-17+deb8u1 <none>
2015-07-10 20:05:32 status unpacked systemd:armhf 215-17+deb8u1
2015-07-10 20:05:32 status unpacked systemd:armhf 215-17+deb8u1
2015-07-10 20:05:32 status unpacked systemd:armhf 215-17+deb8u1
2015-07-10 20:05:32 status unpacked systemd:armhf 215-17+deb8u1
2015-07-10 20:05:32 status unpacked systemd:armhf 215-17+deb8u1
2015-07-10 20:05:32 status unpacked systemd:armhf 215-17+deb8u1
2015-07-10 20:05:32 status unpacked systemd:armhf 215-17+deb8u1
2015-07-10 20:05:32 status unpacked systemd:armhf 215-17+deb8u1
2015-07-10 20:05:32 status unpacked systemd:armhf 215-17+deb8u1
2015-07-10 20:05:32 status unpacked systemd:armhf 215-17+deb8u1
2015-07-10 20:05:32 status unpacked systemd:armhf 215-17+deb8u1
2015-07-10 20:05:32 status unpacked systemd:armhf 215-17+deb8u1
2015-07-10 20:05:32 status unpacked systemd:armhf 215-17+deb8u1
2015-07-10 20:05:32 status unpacked systemd:armhf 215-17+deb8u1
2015-07-10 20:05:32 status unpacked systemd:armhf 215-17+deb8u1
2015-07-10 20:05:32 status half-configured systemd:armhf 215-17+deb8u1
2015-07-10 20:05:36 status installed systemd:armhf 215-17+deb8u1
2015-07-10 20:05:36 configure dmsetup:armhf 2:1.02.90-2.2 <none>
2015-07-10 20:05:36 status unpacked dmsetup:armhf 2:1.02.90-2.2
2015-07-10 20:05:36 status half-configured dmsetup:armhf 2:1.02.90-2.2
2015-07-10 20:05:36 status installed dmsetup:armhf 2:1.02.90-2.2
2015-07-10 20:05:36 configure systemd-sysv:armhf 215-17+deb8u1 <none>
2015-07-10 20:05:36 status unpacked systemd-sysv:armhf 215-17+deb8u1
2015-07-10 20:05:36 status half-configured systemd-sysv:armhf 215-17+deb8u1
2015-07-10 20:05:36 status installed systemd-sysv:armhf 215-17+deb8u1
2015-07-10 20:05:36 configure init:armhf 1.22 <none>
2015-07-10 20:05:36 status unpacked init:armhf 1.22
2015-07-10 20:05:36 status half-configured init:armhf 1.22
2015-07-10 20:05:36 status installed init:armhf 1.22
2015-07-10 20:05:36 trigproc libc-bin:armhf 2.19-18 <none>
2015-07-10 20:05:36 status half-configured libc-bin:armhf 2.19-18
2015-07-10 20:05:36 status installed libc-bin:armhf 2.19-18
2015-07-10 20:05:36 startup archives unpack
2015-07-10 20:05:37 install apt:armhf <none> 1.0.9.8
2015-07-10 20:05:37 status half-installed apt:armhf 1.0.9.8
2015-07-10 20:05:39 status unpacked apt:armhf 1.0.9.8
2015-07-10 20:05:39 status unpacked apt:armhf 1.0.9.8
2015-07-10 20:05:39 install libapt-pkg4.12:armhf <none> 1.0.9.8
2015-07-10 20:05:39 status half-installed libapt-pkg4.12:armhf 1.0.9.8
2015-07-10 20:05:40 status unpacked libapt-pkg4.12:armhf 1.0.9.8
2015-07-10 20:05:40 status unpacked libapt-pkg4.12:armhf 1.0.9.8
2015-07-10 20:05:40 install debian-archive-keyring:all <none> 2014.3
2015-07-10 20:05:40 status half-installed debian-archive-keyring:all 2014.3
2015-07-10 20:05:40 status unpacked debian-archive-keyring:all 2014.3
2015-07-10 20:05:40 status unpacked debian-archive-keyring:all 2014.3
2015-07-10 20:05:41 install libstdc++6:armhf <none> 4.9.2-10
2015-07-10 20:05:41 status half-installed libstdc++6:armhf 4.9.2-10
2015-07-10 20:05:41 status unpacked libstdc++6:armhf 4.9.2-10
2015-07-10 20:05:41 status unpacked libstdc++6:armhf 4.9.2-10
2015-07-10 20:05:41 install gnupg:armhf <none> 1.4.18-7
2015-07-10 20:05:41 status half-installed gnupg:armhf 1.4.18-7
2015-07-10 20:05:42 status unpacked gnupg:armhf 1.4.18-7
2015-07-10 20:05:42 status unpacked gnupg:armhf 1.4.18-7
2015-07-10 20:05:42 install gpgv:armhf <none> 1.4.18-7
2015-07-10 20:05:42 status half-installed gpgv:armhf 1.4.18-7
2015-07-10 20:05:42 status unpacked gpgv:armhf 1.4.18-7
2015-07-10 20:05:42 status unpacked gpgv:armhf 1.4.18-7
2015-07-10 20:05:42 install libusb-0.1-4:armhf <none> 2:0.1.12-25
2015-07-10 20:05:42 status half-installed libusb-0.1-4:armhf 2:0.1.12-25
2015-07-10 20:05:42 status unpacked libusb-0.1-4:armhf 2:0.1.12-25
2015-07-10 20:05:42 status unpacked libusb-0.1-4:armhf 2:0.1.12-25
2015-07-10 20:05:42 install libreadline6:armhf <none> 6.3-8+b3
2015-07-10 20:05:42 status half-installed libreadline6:armhf 6.3-8+b3
2015-07-10 20:05:42 status unpacked libreadline6:armhf 6.3-8+b3
2015-07-10 20:05:42 status unpacked libreadline6:armhf 6.3-8+b3
2015-07-10 20:05:43 install readline-common:all <none> 6.3-8
2015-07-10 20:05:43 status half-installed readline-common:all 6.3-8
2015-07-10 20:05:43 status unpacked readline-common:all 6.3-8
2015-07-10 20:05:43 status unpacked readline-common:all 6.3-8
2015-07-10 20:05:43 startup packages configure
2015-07-10 20:05:43 configure readline-common:all 6.3-8 <none>
2015-07-10 20:05:43 status unpacked readline-common:all 6.3-8
2015-07-10 20:05:43 status half-configured readline-common:all 6.3-8
2015-07-10 20:05:43 status installed readline-common:all 6.3-8
2015-07-10 20:05:43 configure gpgv:armhf 1.4.18-7 <none>
2015-07-10 20:05:43 status unpacked gpgv:armhf 1.4.18-7
2015-07-10 20:05:43 status half-configured gpgv:armhf 1.4.18-7
2015-07-10 20:05:43 status installed gpgv:armhf 1.4.18-7
2015-07-10 20:05:43 configure debian-archive-keyring:all 2014.3 <none>
2015-07-10 20:05:43 status unpacked debian-archive-keyring:all 2014.3
2015-07-10 20:05:43 status unpacked debian-archive-keyring:all 2014.3
2015-07-10 20:05:43 status unpacked debian-archive-keyring:all 2014.3
2015-07-10 20:05:43 status unpacked debian-archive-keyring:all 2014.3
2015-07-10 20:05:43 status unpacked debian-archive-keyring:all 2014.3
2015-07-10 20:05:43 status unpacked debian-archive-keyring:all 2014.3
2015-07-10 20:05:43 status unpacked debian-archive-keyring:all 2014.3
2015-07-10 20:05:43 status unpacked debian-archive-keyring:all 2014.3
2015-07-10 20:05:43 status half-configured debian-archive-keyring:all 2014.3
2015-07-10 20:05:43 status installed debian-archive-keyring:all 2014.3
2015-07-10 20:05:43 configure libstdc++6:armhf 4.9.2-10 <none>
2015-07-10 20:05:43 status unpacked libstdc++6:armhf 4.9.2-10
2015-07-10 20:05:43 status half-configured libstdc++6:armhf 4.9.2-10
2015-07-10 20:05:43 status installed libstdc++6:armhf 4.9.2-10
2015-07-10 20:05:43 status triggers-pending libc-bin:armhf 2.19-18
2015-07-10 20:05:43 configure libapt-pkg4.12:armhf 1.0.9.8 <none>
2015-07-10 20:05:43 status unpacked libapt-pkg4.12:armhf 1.0.9.8
2015-07-10 20:05:44 status half-configured libapt-pkg4.12:armhf 1.0.9.8
2015-07-10 20:05:44 status installed libapt-pkg4.12:armhf 1.0.9.8
2015-07-10 20:05:44 configure libusb-0.1-4:armhf 2:0.1.12-25 <none>
2015-07-10 20:05:44 status unpacked libusb-0.1-4:armhf 2:0.1.12-25
2015-07-10 20:05:44 status half-configured libusb-0.1-4:armhf 2:0.1.12-25
2015-07-10 20:05:44 status installed libusb-0.1-4:armhf 2:0.1.12-25
2015-07-10 20:05:44 configure libreadline6:armhf 6.3-8+b3 <none>
2015-07-10 20:05:44 status unpacked libreadline6:armhf 6.3-8+b3
2015-07-10 20:05:44 status half-configured libreadline6:armhf 6.3-8+b3
2015-07-10 20:05:44 status installed libreadline6:armhf 6.3-8+b3
2015-07-10 20:05:44 configure gnupg:armhf 1.4.18-7 <none>
2015-07-10 20:05:44 status unpacked gnupg:armhf 1.4.18-7
2015-07-10 20:05:44 status half-configured gnupg:armhf 1.4.18-7
2015-07-10 20:05:44 status installed gnupg:armhf 1.4.18-7
2015-07-10 20:05:44 configure apt:armhf 1.0.9.8 <none>
2015-07-10 20:05:44 status unpacked apt:armhf 1.0.9.8
2015-07-10 20:05:44 status unpacked apt:armhf 1.0.9.8
2015-07-10 20:05:44 status unpacked apt:armhf 1.0.9.8
2015-07-10 20:05:44 status unpacked apt:armhf 1.0.9.8
2015-07-10 20:05:44 status unpacked apt:armhf 1.0.9.8
2015-07-10 20:05:44 status half-configured apt:armhf 1.0.9.8
2015-07-10 20:05:45 status installed apt:armhf 1.0.9.8
2015-07-10 20:05:45 trigproc libc-bin:armhf 2.19-18 <none>
2015-07-10 20:05:45 status half-configured libc-bin:armhf 2.19-18
2015-07-10 20:05:46 status installed libc-bin:armhf 2.19-18
2016-11-14 21:52:57 startup archives unpack
2016-11-14 21:52:58 upgrade perl-base:armhf 5.20.2-3+deb8u1 5.20.2-3+deb8u6
2016-11-14 21:52:58 status half-configured perl-base:armhf 5.20.2-3+deb8u1
2016-11-14 21:52:58 status unpacked perl-base:armhf 5.20.2-3+deb8u1
2016-11-14 21:52:59 status half-installed perl-base:armhf 5.20.2-3+deb8u1
2016-11-14 21:53:14 status half-installed perl-base:armhf 5.20.2-3+deb8u1
2016-11-14 21:53:14 status unpacked perl-base:armhf 5.20.2-3+deb8u6
2016-11-14 21:53:17 status unpacked perl-base:armhf 5.20.2-3+deb8u6
2016-11-14 21:53:17 startup packages configure
2016-11-14 21:53:17 configure perl-base:armhf 5.20.2-3+deb8u6 <none>
2016-11-14 21:53:17 status unpacked perl-base:armhf 5.20.2-3+deb8u6
2016-11-14 21:53:17 status half-configured perl-base:armhf 5.20.2-3+deb8u6
2016-11-14 21:53:17 status installed perl-base:armhf 5.20.2-3+deb8u6
2016-11-14 21:53:17 startup archives unpack
2016-11-14 21:53:18 install libgdbm3:armhf <none> 1.8.3-13.1
2016-11-14 21:53:18 status half-installed libgdbm3:armhf 1.8.3-13.1
2016-11-14 21:53:19 status unpacked libgdbm3:armhf 1.8.3-13.1
2016-11-14 21:53:19 status unpacked libgdbm3:armhf 1.8.3-13.1
2016-11-14 21:53:19 install perl-modules:all <none> 5.20.2-3+deb8u6
2016-11-14 21:53:19 status half-installed perl-modules:all 5.20.2-3+deb8u6
2016-11-14 21:53:38 status unpacked perl-modules:all 5.20.2-3+deb8u6
2016-11-14 21:53:39 status unpacked perl-modules:all 5.20.2-3+deb8u6
2016-11-14 21:53:40 install perl:armhf <none> 5.20.2-3+deb8u6
2016-11-14 21:53:40 status half-installed perl:armhf 5.20.2-3+deb8u6
2016-11-14 21:53:52 status unpacked perl:armhf 5.20.2-3+deb8u6
2016-11-14 21:53:52 status unpacked perl:armhf 5.20.2-3+deb8u6
2016-11-14 21:53:53 install libexpat1:armhf <none> 2.1.0-6+deb8u3
2016-11-14 21:53:53 status half-installed libexpat1:armhf 2.1.0-6+deb8u3
2016-11-14 21:53:53 status unpacked libexpat1:armhf 2.1.0-6+deb8u3
2016-11-14 21:53:53 status unpacked libexpat1:armhf 2.1.0-6+deb8u3
2016-11-14 21:53:54 install libpng12-0:armhf <none> 1.2.50-2+deb8u2
2016-11-14 21:53:54 status half-installed libpng12-0:armhf 1.2.50-2+deb8u2
2016-11-14 21:53:54 status unpacked libpng12-0:armhf 1.2.50-2+deb8u2
2016-11-14 21:53:54 status unpacked libpng12-0:armhf 1.2.50-2+deb8u2
2016-11-14 21:53:55 install libfreetype6:armhf <none> 2.5.2-3+deb8u1
2016-11-14 21:53:55 status half-installed libfreetype6:armhf 2.5.2-3+deb8u1
2016-11-14 21:53:55 status unpacked libfreetype6:armhf 2.5.2-3+deb8u1
2016-11-14 21:53:55 status unpacked libfreetype6:armhf 2.5.2-3+deb8u1
2016-11-14 21:53:56 install ucf:all <none> 3.0030
2016-11-14 21:53:56 status half-installed ucf:all 3.0030
2016-11-14 21:53:57 status unpacked ucf:all 3.0030
2016-11-14 21:53:57 status unpacked ucf:all 3.0030
2016-11-14 21:53:57 install fonts-dejavu-core:all <none> 2.34-1
2016-11-14 21:53:57 status half-installed fonts-dejavu-core:all 2.34-1
2016-11-14 21:53:59 status unpacked fonts-dejavu-core:all 2.34-1
2016-11-14 21:53:59 status unpacked fonts-dejavu-core:all 2.34-1
2016-11-14 21:53:59 install fontconfig-config:all <none> 2.11.0-6.3+deb8u1
2016-11-14 21:53:59 status half-installed fontconfig-config:all 2.11.0-6.3+deb8u1
2016-11-14 21:54:03 status unpacked fontconfig-config:all 2.11.0-6.3+deb8u1
2016-11-14 21:54:03 status unpacked fontconfig-config:all 2.11.0-6.3+deb8u1
2016-11-14 21:54:04 install libfontconfig1:armhf <none> 2.11.0-6.3+deb8u1
2016-11-14 21:54:04 status half-installed libfontconfig1:armhf 2.11.0-6.3+deb8u1
2016-11-14 21:54:04 status unpacked libfontconfig1:armhf 2.11.0-6.3+deb8u1
2016-11-14 21:54:04 status unpacked libfontconfig1:armhf 2.11.0-6.3+deb8u1
2016-11-14 21:54:05 install libfontenc1:armhf <none> 1:1.1.2-1+b2
2016-11-14 21:54:05 status half-installed libfontenc1:armhf 1:1.1.2-1+b2
2016-11-14 21:54:05 status unpacked libfontenc1:armhf 1:1.1.2-1+b2
2016-11-14 21:54:05 status unpacked libfontenc1:armhf 1:1.1.2-1+b2
2016-11-14 21:54:06 install libglapi-mesa:armhf <none> 10.3.2-1+deb8u1
2016-11-14 21:54:06 status half-installed libglapi-mesa:armhf 10.3.2-1+deb8u1
2016-11-14 21:54:06 status unpacked libglapi-mesa:armhf 10.3.2-1+deb8u1
2016-11-14 21:54:06 status unpacked libglapi-mesa:armhf 10.3.2-1+deb8u1
2016-11-14 21:54:07 install x11-common:all <none> 1:7.7+7
2016-11-14 21:54:07 status half-installed x11-common:all 1:7.7+7
2016-11-14 21:54:07 status triggers-pending systemd:armhf 215-17+deb8u1
2016-11-14 21:54:08 status unpacked x11-common:all 1:7.7+7
2016-11-14 21:54:08 status unpacked x11-common:all 1:7.7+7
2016-11-14 21:54:08 install libice6:armhf <none> 2:1.0.9-1+b1
2016-11-14 21:54:08 status half-installed libice6:armhf 2:1.0.9-1+b1
2016-11-14 21:54:09 status unpacked libice6:armhf 2:1.0.9-1+b1
2016-11-14 21:54:09 status unpacked libice6:armhf 2:1.0.9-1+b1
2016-11-14 21:54:09 install libosmesa6:armhf <none> 10.3.2-1+deb8u1
2016-11-14 21:54:09 status half-installed libosmesa6:armhf 10.3.2-1+deb8u1
2016-11-14 21:54:10 status unpacked libosmesa6:armhf 10.3.2-1+deb8u1
2016-11-14 21:54:10 status unpacked libosmesa6:armhf 10.3.2-1+deb8u1
2016-11-14 21:54:11 install libsm6:armhf <none> 2:1.2.2-1+b1
2016-11-14 21:54:11 status half-installed libsm6:armhf 2:1.2.2-1+b1
2016-11-14 21:54:11 status unpacked libsm6:armhf 2:1.2.2-1+b1
2016-11-14 21:54:11 status unpacked libsm6:armhf 2:1.2.2-1+b1
2016-11-14 21:54:12 install libxau6:armhf <none> 1:1.0.8-1
2016-11-14 21:54:12 status half-installed libxau6:armhf 1:1.0.8-1
2016-11-14 21:54:12 status unpacked libxau6:armhf 1:1.0.8-1
2016-11-14 21:54:12 status unpacked libxau6:armhf 1:1.0.8-1
2016-11-14 21:54:13 install libxdmcp6:armhf <none> 1:1.1.1-1+b1
2016-11-14 21:54:13 status half-installed libxdmcp6:armhf 1:1.1.1-1+b1
2016-11-14 21:54:13 status unpacked libxdmcp6:armhf 1:1.1.1-1+b1
2016-11-14 21:54:13 status unpacked libxdmcp6:armhf 1:1.1.1-1+b1
2016-11-14 21:54:14 install libxcb1:armhf <none> 1.10-3+b1
2016-11-14 21:54:14 status half-installed libxcb1:armhf 1.10-3+b1
2016-11-14 21:54:14 status unpacked libxcb1:armhf 1.10-3+b1
2016-11-14 21:54:14 status unpacked libxcb1:armhf 1.10-3+b1
2016-11-14 21:54:14 install libx11-data:all <none> 2:1.6.2-3
2016-11-14 21:54:14 status half-installed libx11-data:all 2:1.6.2-3
2016-11-14 21:54:20 status unpacked libx11-data:all 2:1.6.2-3
2016-11-14 21:54:21 status unpacked libx11-data:all 2:1.6.2-3
2016-11-14 21:54:21 install libx11-6:armhf <none> 2:1.6.2-3
2016-11-14 21:54:21 status half-installed libx11-6:armhf 2:1.6.2-3
2016-11-14 21:54:22 status unpacked libx11-6:armhf 2:1.6.2-3
2016-11-14 21:54:22 status unpacked libx11-6:armhf 2:1.6.2-3
2016-11-14 21:54:22 install libx11-xcb1:armhf <none> 2:1.6.2-3
2016-11-14 21:54:22 status half-installed libx11-xcb1:armhf 2:1.6.2-3
2016-11-14 21:54:23 status unpacked libx11-xcb1:armhf 2:1.6.2-3
2016-11-14 21:54:23 status unpacked libx11-xcb1:armhf 2:1.6.2-3
2016-11-14 21:54:23 install libxext6:armhf <none> 2:1.3.3-1
2016-11-14 21:54:23 status half-installed libxext6:armhf 2:1.3.3-1
2016-11-14 21:54:24 status unpacked libxext6:armhf 2:1.3.3-1
2016-11-14 21:54:24 status unpacked libxext6:armhf 2:1.3.3-1
2016-11-14 21:54:24 install libxt6:armhf <none> 1:1.1.4-1+b1
2016-11-14 21:54:24 status half-installed libxt6:armhf 1:1.1.4-1+b1
2016-11-14 21:54:25 status unpacked libxt6:armhf 1:1.1.4-1+b1
2016-11-14 21:54:25 status unpacked libxt6:armhf 1:1.1.4-1+b1
2016-11-14 21:54:25 install libxmu6:armhf <none> 2:1.1.2-1
2016-11-14 21:54:25 status half-installed libxmu6:armhf 2:1.1.2-1
2016-11-14 21:54:26 status unpacked libxmu6:armhf 2:1.1.2-1
2016-11-14 21:54:26 status unpacked libxmu6:armhf 2:1.1.2-1
2016-11-14 21:54:26 install libxpm4:armhf <none> 1:3.5.11-1+b1
2016-11-14 21:54:26 status half-installed libxpm4:armhf 1:3.5.11-1+b1
2016-11-14 21:54:27 status unpacked libxpm4:armhf 1:3.5.11-1+b1
2016-11-14 21:54:27 status unpacked libxpm4:armhf 1:3.5.11-1+b1
2016-11-14 21:54:27 install libxaw7:armhf <none> 2:1.0.12-2+b1
2016-11-14 21:54:27 status half-installed libxaw7:armhf 2:1.0.12-2+b1
2016-11-14 21:54:28 status unpacked libxaw7:armhf 2:1.0.12-2+b1
2016-11-14 21:54:28 status unpacked libxaw7:armhf 2:1.0.12-2+b1
2016-11-14 21:54:28 install libxcb-shape0:armhf <none> 1.10-3+b1
2016-11-14 21:54:28 status half-installed libxcb-shape0:armhf 1.10-3+b1
2016-11-14 21:54:28 status unpacked libxcb-shape0:armhf 1.10-3+b1
2016-11-14 21:54:28 status unpacked libxcb-shape0:armhf 1.10-3+b1
2016-11-14 21:54:29 install libxcomposite1:armhf <none> 1:0.4.4-1
2016-11-14 21:54:29 status half-installed libxcomposite1:armhf 1:0.4.4-1
2016-11-14 21:54:29 status unpacked libxcomposite1:armhf 1:0.4.4-1
2016-11-14 21:54:29 status unpacked libxcomposite1:armhf 1:0.4.4-1
2016-11-14 21:54:30 install libxfont1:armhf <none> 1:1.5.1-1
2016-11-14 21:54:30 status half-installed libxfont1:armhf 1:1.5.1-1
2016-11-14 21:54:30 status unpacked libxfont1:armhf 1:1.5.1-1
2016-11-14 21:54:30 status unpacked libxfont1:armhf 1:1.5.1-1
2016-11-14 21:54:31 install libxrender1:armhf <none> 1:0.9.8-1+b1
2016-11-14 21:54:31 status half-installed libxrender1:armhf 1:0.9.8-1+b1
2016-11-14 21:54:31 status unpacked libxrender1:armhf 1:0.9.8-1+b1
2016-11-14 21:54:31 status unpacked libxrender1:armhf 1:0.9.8-1+b1
2016-11-14 21:54:32 install libxft2:armhf <none> 2.3.2-1
2016-11-14 21:54:32 status half-installed libxft2:armhf 2.3.2-1
2016-11-14 21:54:32 status unpacked libxft2:armhf 2.3.2-1
2016-11-14 21:54:32 status unpacked libxft2:armhf 2.3.2-1
2016-11-14 21:54:33 install libxi6:armhf <none> 2:1.7.4-1+b2
2016-11-14 21:54:33 status half-installed libxi6:armhf 2:1.7.4-1+b2
2016-11-14 21:54:33 status unpacked libxi6:armhf 2:1.7.4-1+b2
2016-11-14 21:54:33 status unpacked libxi6:armhf 2:1.7.4-1+b2
2016-11-14 21:54:34 install libxinerama1:armhf <none> 2:1.1.3-1+b1
2016-11-14 21:54:34 status half-installed libxinerama1:armhf 2:1.1.3-1+b1
2016-11-14 21:54:34 status unpacked libxinerama1:armhf 2:1.1.3-1+b1
2016-11-14 21:54:34 status unpacked libxinerama1:armhf 2:1.1.3-1+b1
2016-11-14 21:54:35 install libxmuu1:armhf <none> 2:1.1.2-1
2016-11-14 21:54:35 status half-installed libxmuu1:armhf 2:1.1.2-1
2016-11-14 21:54:35 status unpacked libxmuu1:armhf 2:1.1.2-1
2016-11-14 21:54:35 status unpacked libxmuu1:armhf 2:1.1.2-1
2016-11-14 21:54:36 install libxrandr2:armhf <none> 2:1.4.2-1+b1
2016-11-14 21:54:36 status half-installed libxrandr2:armhf 2:1.4.2-1+b1
2016-11-14 21:54:36 status unpacked libxrandr2:armhf 2:1.4.2-1+b1
2016-11-14 21:54:36 status unpacked libxrandr2:armhf 2:1.4.2-1+b1
2016-11-14 21:54:37 install libxtst6:armhf <none> 2:1.2.2-1+b1
2016-11-14 21:54:37 status half-installed libxtst6:armhf 2:1.2.2-1+b1
2016-11-14 21:54:37 status unpacked libxtst6:armhf 2:1.2.2-1+b1
2016-11-14 21:54:37 status unpacked libxtst6:armhf 2:1.2.2-1+b1
2016-11-14 21:54:38 install libxv1:armhf <none> 2:1.0.10-1+b1
2016-11-14 21:54:38 status half-installed libxv1:armhf 2:1.0.10-1+b1
2016-11-14 21:54:38 status unpacked libxv1:armhf 2:1.0.10-1+b1
2016-11-14 21:54:38 status unpacked libxv1:armhf 2:1.0.10-1+b1
2016-11-14 21:54:39 install libxxf86dga1:armhf <none> 2:1.1.4-1+b1
2016-11-14 21:54:39 status half-installed libxxf86dga1:armhf 2:1.1.4-1+b1
2016-11-14 21:54:39 status unpacked libxxf86dga1:armhf 2:1.1.4-1+b1
2016-11-14 21:54:39 status unpacked libxxf86dga1:armhf 2:1.1.4-1+b1
2016-11-14 21:54:40 install libxxf86vm1:armhf <none> 1:1.1.3-1+b1
2016-11-14 21:54:40 status half-installed libxxf86vm1:armhf 1:1.1.3-1+b1
2016-11-14 21:54:40 status unpacked libxxf86vm1:armhf 1:1.1.3-1+b1
2016-11-14 21:54:40 status unpacked libxxf86vm1:armhf 1:1.1.3-1+b1
2016-11-14 21:54:40 install libgl1-mesa-swx11:armhf <none> 10.3.2-1+deb8u1
2016-11-14 21:54:40 status half-installed libgl1-mesa-swx11:armhf 10.3.2-1+deb8u1
2016-11-14 21:54:41 status unpacked libgl1-mesa-swx11:armhf 10.3.2-1+deb8u1
2016-11-14 21:54:41 status unpacked libgl1-mesa-swx11:armhf 10.3.2-1+deb8u1
2016-11-14 21:54:42 install libjpeg62-turbo:armhf <none> 1:1.3.1-12
2016-11-14 21:54:42 status half-installed libjpeg62-turbo:armhf 1:1.3.1-12
2016-11-14 21:54:42 status unpacked libjpeg62-turbo:armhf 1:1.3.1-12
2016-11-14 21:54:42 status unpacked libjpeg62-turbo:armhf 1:1.3.1-12
2016-11-14 21:54:43 install libutempter0:armhf <none> 1.1.5-4
2016-11-14 21:54:43 status half-installed libutempter0:armhf 1.1.5-4
2016-11-14 21:54:43 status unpacked libutempter0:armhf 1.1.5-4
2016-11-14 21:54:43 status unpacked libutempter0:armhf 1.1.5-4
2016-11-14 21:54:44 install menu:armhf <none> 2.1.47
2016-11-14 21:54:44 status half-installed menu:armhf 2.1.47
2016-11-14 21:54:50 status unpacked menu:armhf 2.1.47
2016-11-14 21:54:50 status unpacked menu:armhf 2.1.47
2016-11-14 21:54:50 install x11-utils:armhf <none> 7.7+2
2016-11-14 21:54:50 status half-installed x11-utils:armhf 7.7+2
2016-11-14 21:54:52 status unpacked x11-utils:armhf 7.7+2
2016-11-14 21:54:52 status unpacked x11-utils:armhf 7.7+2
2016-11-14 21:54:53 install xauth:armhf <none> 1:1.0.9-1
2016-11-14 21:54:53 status half-installed xauth:armhf 1:1.0.9-1
2016-11-14 21:54:53 status unpacked xauth:armhf 1:1.0.9-1
2016-11-14 21:54:53 status unpacked xauth:armhf 1:1.0.9-1
2016-11-14 21:54:53 install tightvncserver:armhf <none> 1.3.9-6.5
2016-11-14 21:54:53 status half-installed tightvncserver:armhf 1.3.9-6.5
2016-11-14 21:54:54 status unpacked tightvncserver:armhf 1.3.9-6.5
2016-11-14 21:54:55 status unpacked tightvncserver:armhf 1.3.9-6.5
2016-11-14 21:54:55 install twm:armhf <none> 1:1.0.8-1
2016-11-14 21:54:55 status half-installed twm:armhf 1:1.0.8-1
2016-11-14 21:54:56 status unpacked twm:armhf 1:1.0.8-1
2016-11-14 21:54:56 status unpacked twm:armhf 1:1.0.8-1
2016-11-14 21:54:56 install xbitmaps:all <none> 1.1.1-2
2016-11-14 21:54:56 status half-installed xbitmaps:all 1.1.1-2
2016-11-14 21:54:58 status unpacked xbitmaps:all 1.1.1-2
2016-11-14 21:54:58 status unpacked xbitmaps:all 1.1.1-2
2016-11-14 21:54:59 install xfonts-encodings:all <none> 1:1.0.4-2
2016-11-14 21:54:59 status half-installed xfonts-encodings:all 1:1.0.4-2
2016-11-14 21:55:01 status unpacked xfonts-encodings:all 1:1.0.4-2
2016-11-14 21:55:01 status unpacked xfonts-encodings:all 1:1.0.4-2
2016-11-14 21:55:01 install xfonts-utils:armhf <none> 1:7.7+2
2016-11-14 21:55:01 status half-installed xfonts-utils:armhf 1:7.7+2
2016-11-14 21:55:02 status unpacked xfonts-utils:armhf 1:7.7+2
2016-11-14 21:55:03 status unpacked xfonts-utils:armhf 1:7.7+2
2016-11-14 21:55:03 install xfonts-base:all <none> 1:1.0.3
2016-11-14 21:55:03 status half-installed xfonts-base:all 1:1.0.3
2016-11-14 21:55:14 status unpacked xfonts-base:all 1:1.0.3
2016-11-14 21:55:14 status unpacked xfonts-base:all 1:1.0.3
2016-11-14 21:55:15 install xterm:armhf <none> 312-2
2016-11-14 21:55:15 status half-installed xterm:armhf 312-2
2016-11-14 21:55:16 status unpacked xterm:armhf 312-2
2016-11-14 21:55:16 status unpacked xterm:armhf 312-2
2016-11-14 21:55:17 trigproc systemd:armhf 215-17+deb8u1 <none>
2016-11-14 21:55:17 status half-configured systemd:armhf 215-17+deb8u1
2016-11-14 21:55:17 status installed systemd:armhf 215-17+deb8u1
2016-11-14 21:55:17 startup packages configure
2016-11-14 21:55:17 configure libgdbm3:armhf 1.8.3-13.1 <none>
2016-11-14 21:55:17 status unpacked libgdbm3:armhf 1.8.3-13.1
2016-11-14 21:55:17 status half-configured libgdbm3:armhf 1.8.3-13.1
2016-11-14 21:55:17 status installed libgdbm3:armhf 1.8.3-13.1
2016-11-14 21:55:17 status triggers-pending libc-bin:armhf 2.19-18
2016-11-14 21:55:17 configure perl-modules:all 5.20.2-3+deb8u6 <none>
2016-11-14 21:55:17 status unpacked perl-modules:all 5.20.2-3+deb8u6
2016-11-14 21:55:17 status unpacked perl-modules:all 5.20.2-3+deb8u6
2016-11-14 21:55:17 status unpacked perl-modules:all 5.20.2-3+deb8u6
2016-11-14 21:55:17 status half-configured perl-modules:all 5.20.2-3+deb8u6
2016-11-14 21:55:17 status installed perl-modules:all 5.20.2-3+deb8u6
2016-11-14 21:55:17 configure perl:armhf 5.20.2-3+deb8u6 <none>
2016-11-14 21:55:17 status unpacked perl:armhf 5.20.2-3+deb8u6
2016-11-14 21:55:17 status half-configured perl:armhf 5.20.2-3+deb8u6
2016-11-14 21:55:18 status installed perl:armhf 5.20.2-3+deb8u6
2016-11-14 21:55:18 configure libexpat1:armhf 2.1.0-6+deb8u3 <none>
2016-11-14 21:55:18 status unpacked libexpat1:armhf 2.1.0-6+deb8u3
2016-11-14 21:55:18 status half-configured libexpat1:armhf 2.1.0-6+deb8u3
2016-11-14 21:55:18 status installed libexpat1:armhf 2.1.0-6+deb8u3
2016-11-14 21:55:18 configure libpng12-0:armhf 1.2.50-2+deb8u2 <none>
2016-11-14 21:55:18 status unpacked libpng12-0:armhf 1.2.50-2+deb8u2
2016-11-14 21:55:18 status half-configured libpng12-0:armhf 1.2.50-2+deb8u2
2016-11-14 21:55:18 status installed libpng12-0:armhf 1.2.50-2+deb8u2
2016-11-14 21:55:18 configure libfreetype6:armhf 2.5.2-3+deb8u1 <none>
2016-11-14 21:55:18 status unpacked libfreetype6:armhf 2.5.2-3+deb8u1
2016-11-14 21:55:18 status half-configured libfreetype6:armhf 2.5.2-3+deb8u1
2016-11-14 21:55:18 status installed libfreetype6:armhf 2.5.2-3+deb8u1
2016-11-14 21:55:18 configure ucf:all 3.0030 <none>
2016-11-14 21:55:18 status unpacked ucf:all 3.0030
2016-11-14 21:55:18 status unpacked ucf:all 3.0030
2016-11-14 21:55:18 status half-configured ucf:all 3.0030
2016-11-14 21:55:21 status installed ucf:all 3.0030
2016-11-14 21:55:21 configure fonts-dejavu-core:all 2.34-1 <none>
2016-11-14 21:55:21 status unpacked fonts-dejavu-core:all 2.34-1
2016-11-14 21:55:21 status unpacked fonts-dejavu-core:all 2.34-1
2016-11-14 21:55:21 status unpacked fonts-dejavu-core:all 2.34-1
2016-11-14 21:55:21 status unpacked fonts-dejavu-core:all 2.34-1
2016-11-14 21:55:21 status unpacked fonts-dejavu-core:all 2.34-1
2016-11-14 21:55:21 status unpacked fonts-dejavu-core:all 2.34-1
2016-11-14 21:55:21 status unpacked fonts-dejavu-core:all 2.34-1
2016-11-14 21:55:21 status unpacked fonts-dejavu-core:all 2.34-1
2016-11-14 21:55:21 status unpacked fonts-dejavu-core:all 2.34-1
2016-11-14 21:55:21 status unpacked fonts-dejavu-core:all 2.34-1
2016-11-14 21:55:21 status unpacked fonts-dejavu-core:all 2.34-1
2016-11-14 21:55:21 status unpacked fonts-dejavu-core:all 2.34-1
2016-11-14 21:55:21 status unpacked fonts-dejavu-core:all 2.34-1
2016-11-14 21:55:21 status half-configured fonts-dejavu-core:all 2.34-1
2016-11-14 21:55:21 status installed fonts-dejavu-core:all 2.34-1
2016-11-14 21:55:21 configure fontconfig-config:all 2.11.0-6.3+deb8u1 <none>
2016-11-14 21:55:21 status unpacked fontconfig-config:all 2.11.0-6.3+deb8u1
2016-11-14 21:55:21 status unpacked fontconfig-config:all 2.11.0-6.3+deb8u1
2016-11-14 21:55:21 status unpacked fontconfig-config:all 2.11.0-6.3+deb8u1
2016-11-14 21:55:21 status half-configured fontconfig-config:all 2.11.0-6.3+deb8u1
2016-11-14 21:55:25 status installed fontconfig-config:all 2.11.0-6.3+deb8u1
2016-11-14 21:55:26 configure libfontconfig1:armhf 2.11.0-6.3+deb8u1 <none>
2016-11-14 21:55:26 status unpacked libfontconfig1:armhf 2.11.0-6.3+deb8u1
2016-11-14 21:55:26 status half-configured libfontconfig1:armhf 2.11.0-6.3+deb8u1
2016-11-14 21:55:26 status installed libfontconfig1:armhf 2.11.0-6.3+deb8u1
2016-11-14 21:55:26 configure libfontenc1:armhf 1:1.1.2-1+b2 <none>
2016-11-14 21:55:26 status unpacked libfontenc1:armhf 1:1.1.2-1+b2
2016-11-14 21:55:26 status half-configured libfontenc1:armhf 1:1.1.2-1+b2
2016-11-14 21:55:26 status installed libfontenc1:armhf 1:1.1.2-1+b2
2016-11-14 21:55:26 configure libglapi-mesa:armhf 10.3.2-1+deb8u1 <none>
2016-11-14 21:55:26 status unpacked libglapi-mesa:armhf 10.3.2-1+deb8u1
2016-11-14 21:55:26 status half-configured libglapi-mesa:armhf 10.3.2-1+deb8u1
2016-11-14 21:55:26 status installed libglapi-mesa:armhf 10.3.2-1+deb8u1
2016-11-14 21:55:26 configure x11-common:all 1:7.7+7 <none>
2016-11-14 21:55:26 status unpacked x11-common:all 1:7.7+7
2016-11-14 21:55:26 status unpacked x11-common:all 1:7.7+7
2016-11-14 21:55:26 status unpacked x11-common:all 1:7.7+7
2016-11-14 21:55:26 status unpacked x11-common:all 1:7.7+7
2016-11-14 21:55:26 status unpacked x11-common:all 1:7.7+7
2016-11-14 21:55:26 status unpacked x11-common:all 1:7.7+7
2016-11-14 21:55:26 status unpacked x11-common:all 1:7.7+7
2016-11-14 21:55:26 status unpacked x11-common:all 1:7.7+7
2016-11-14 21:55:26 status unpacked x11-common:all 1:7.7+7
2016-11-14 21:55:26 status unpacked x11-common:all 1:7.7+7
2016-11-14 21:55:26 status unpacked x11-common:all 1:7.7+7
2016-11-14 21:55:27 status unpacked x11-common:all 1:7.7+7
2016-11-14 21:55:27 status unpacked x11-common:all 1:7.7+7
2016-11-14 21:55:27 status unpacked x11-common:all 1:7.7+7
2016-11-14 21:55:27 status triggers-pending systemd:armhf 215-17+deb8u1
2016-11-14 21:55:27 status unpacked x11-common:all 1:7.7+7
2016-11-14 21:55:27 status half-configured x11-common:all 1:7.7+7
2016-11-14 21:55:32 status installed x11-common:all 1:7.7+7
2016-11-14 21:55:33 configure libice6:armhf 2:1.0.9-1+b1 <none>
2016-11-14 21:55:33 status unpacked libice6:armhf 2:1.0.9-1+b1
2016-11-14 21:55:33 status half-configured libice6:armhf 2:1.0.9-1+b1
2016-11-14 21:55:33 status installed libice6:armhf 2:1.0.9-1+b1
2016-11-14 21:55:33 configure libosmesa6:armhf 10.3.2-1+deb8u1 <none>
2016-11-14 21:55:33 status unpacked libosmesa6:armhf 10.3.2-1+deb8u1
2016-11-14 21:55:33 status half-configured libosmesa6:armhf 10.3.2-1+deb8u1
2016-11-14 21:55:33 status installed libosmesa6:armhf 10.3.2-1+deb8u1
2016-11-14 21:55:33 configure libsm6:armhf 2:1.2.2-1+b1 <none>
2016-11-14 21:55:33 status unpacked libsm6:armhf 2:1.2.2-1+b1
2016-11-14 21:55:33 status half-configured libsm6:armhf 2:1.2.2-1+b1
2016-11-14 21:55:33 status installed libsm6:armhf 2:1.2.2-1+b1
2016-11-14 21:55:33 configure libxau6:armhf 1:1.0.8-1 <none>
2016-11-14 21:55:33 status unpacked libxau6:armhf 1:1.0.8-1
2016-11-14 21:55:33 status half-configured libxau6:armhf 1:1.0.8-1
2016-11-14 21:55:33 status installed libxau6:armhf 1:1.0.8-1
2016-11-14 21:55:33 configure libxdmcp6:armhf 1:1.1.1-1+b1 <none>
2016-11-14 21:55:33 status unpacked libxdmcp6:armhf 1:1.1.1-1+b1
2016-11-14 21:55:33 status half-configured libxdmcp6:armhf 1:1.1.1-1+b1
2016-11-14 21:55:34 status installed libxdmcp6:armhf 1:1.1.1-1+b1
2016-11-14 21:55:34 configure libxcb1:armhf 1.10-3+b1 <none>
2016-11-14 21:55:34 status unpacked libxcb1:armhf 1.10-3+b1
2016-11-14 21:55:34 status half-configured libxcb1:armhf 1.10-3+b1
2016-11-14 21:55:34 status installed libxcb1:armhf 1.10-3+b1
2016-11-14 21:55:34 configure libx11-data:all 2:1.6.2-3 <none>
2016-11-14 21:55:34 status unpacked libx11-data:all 2:1.6.2-3
2016-11-14 21:55:34 status half-configured libx11-data:all 2:1.6.2-3
2016-11-14 21:55:34 status installed libx11-data:all 2:1.6.2-3
2016-11-14 21:55:34 configure libx11-6:armhf 2:1.6.2-3 <none>
2016-11-14 21:55:34 status unpacked libx11-6:armhf 2:1.6.2-3
2016-11-14 21:55:34 status half-configured libx11-6:armhf 2:1.6.2-3
2016-11-14 21:55:34 status installed libx11-6:armhf 2:1.6.2-3
2016-11-14 21:55:34 configure libx11-xcb1:armhf 2:1.6.2-3 <none>
2016-11-14 21:55:34 status unpacked libx11-xcb1:armhf 2:1.6.2-3
2016-11-14 21:55:34 status half-configured libx11-xcb1:armhf 2:1.6.2-3
2016-11-14 21:55:35 status installed libx11-xcb1:armhf 2:1.6.2-3
2016-11-14 21:55:35 configure libxext6:armhf 2:1.3.3-1 <none>
2016-11-14 21:55:35 status unpacked libxext6:armhf 2:1.3.3-1
2016-11-14 21:55:35 status half-configured libxext6:armhf 2:1.3.3-1
2016-11-14 21:55:35 status installed libxext6:armhf 2:1.3.3-1
2016-11-14 21:55:35 configure libxt6:armhf 1:1.1.4-1+b1 <none>
2016-11-14 21:55:35 status unpacked libxt6:armhf 1:1.1.4-1+b1
2016-11-14 21:55:35 status half-configured libxt6:armhf 1:1.1.4-1+b1
2016-11-14 21:55:35 status installed libxt6:armhf 1:1.1.4-1+b1
2016-11-14 21:55:35 configure libxmu6:armhf 2:1.1.2-1 <none>
2016-11-14 21:55:35 status unpacked libxmu6:armhf 2:1.1.2-1
2016-11-14 21:55:35 status half-configured libxmu6:armhf 2:1.1.2-1
2016-11-14 21:55:35 status installed libxmu6:armhf 2:1.1.2-1
2016-11-14 21:55:35 configure libxpm4:armhf 1:3.5.11-1+b1 <none>
2016-11-14 21:55:35 status unpacked libxpm4:armhf 1:3.5.11-1+b1
2016-11-14 21:55:35 status half-configured libxpm4:armhf 1:3.5.11-1+b1
2016-11-14 21:55:35 status installed libxpm4:armhf 1:3.5.11-1+b1
2016-11-14 21:55:36 configure libxaw7:armhf 2:1.0.12-2+b1 <none>
2016-11-14 21:55:36 status unpacked libxaw7:armhf 2:1.0.12-2+b1
2016-11-14 21:55:36 status half-configured libxaw7:armhf 2:1.0.12-2+b1
2016-11-14 21:55:36 status installed libxaw7:armhf 2:1.0.12-2+b1
2016-11-14 21:55:36 configure libxcb-shape0:armhf 1.10-3+b1 <none>
2016-11-14 21:55:36 status unpacked libxcb-shape0:armhf 1.10-3+b1
2016-11-14 21:55:36 status half-configured libxcb-shape0:armhf 1.10-3+b1
2016-11-14 21:55:36 status installed libxcb-shape0:armhf 1.10-3+b1
2016-11-14 21:55:36 configure libxcomposite1:armhf 1:0.4.4-1 <none>
2016-11-14 21:55:36 status unpacked libxcomposite1:armhf 1:0.4.4-1
2016-11-14 21:55:36 status half-configured libxcomposite1:armhf 1:0.4.4-1
2016-11-14 21:55:36 status installed libxcomposite1:armhf 1:0.4.4-1
2016-11-14 21:55:36 configure libxfont1:armhf 1:1.5.1-1 <none>
2016-11-14 21:55:36 status unpacked libxfont1:armhf 1:1.5.1-1
2016-11-14 21:55:36 status half-configured libxfont1:armhf 1:1.5.1-1
2016-11-14 21:55:36 status installed libxfont1:armhf 1:1.5.1-1
2016-11-14 21:55:36 configure libxrender1:armhf 1:0.9.8-1+b1 <none>
2016-11-14 21:55:36 status unpacked libxrender1:armhf 1:0.9.8-1+b1
2016-11-14 21:55:36 status half-configured libxrender1:armhf 1:0.9.8-1+b1
2016-11-14 21:55:37 status installed libxrender1:armhf 1:0.9.8-1+b1
2016-11-14 21:55:37 configure libxft2:armhf 2.3.2-1 <none>
2016-11-14 21:55:37 status unpacked libxft2:armhf 2.3.2-1
2016-11-14 21:55:37 status half-configured libxft2:armhf 2.3.2-1
2016-11-14 21:55:37 status installed libxft2:armhf 2.3.2-1
2016-11-14 21:55:37 configure libxi6:armhf 2:1.7.4-1+b2 <none>
2016-11-14 21:55:37 status unpacked libxi6:armhf 2:1.7.4-1+b2
2016-11-14 21:55:37 status half-configured libxi6:armhf 2:1.7.4-1+b2
2016-11-14 21:55:37 status installed libxi6:armhf 2:1.7.4-1+b2
2016-11-14 21:55:37 configure libxinerama1:armhf 2:1.1.3-1+b1 <none>
2016-11-14 21:55:37 status unpacked libxinerama1:armhf 2:1.1.3-1+b1
2016-11-14 21:55:37 status half-configured libxinerama1:armhf 2:1.1.3-1+b1
2016-11-14 21:55:37 status installed libxinerama1:armhf 2:1.1.3-1+b1
2016-11-14 21:55:37 configure libxmuu1:armhf 2:1.1.2-1 <none>
2016-11-14 21:55:37 status unpacked libxmuu1:armhf 2:1.1.2-1
2016-11-14 21:55:37 status half-configured libxmuu1:armhf 2:1.1.2-1
2016-11-14 21:55:37 status installed libxmuu1:armhf 2:1.1.2-1
2016-11-14 21:55:37 configure libxrandr2:armhf 2:1.4.2-1+b1 <none>
2016-11-14 21:55:37 status unpacked libxrandr2:armhf 2:1.4.2-1+b1
2016-11-14 21:55:37 status half-configured libxrandr2:armhf 2:1.4.2-1+b1
2016-11-14 21:55:38 status installed libxrandr2:armhf 2:1.4.2-1+b1
2016-11-14 21:55:38 configure libxtst6:armhf 2:1.2.2-1+b1 <none>
2016-11-14 21:55:38 status unpacked libxtst6:armhf 2:1.2.2-1+b1
2016-11-14 21:55:38 status half-configured libxtst6:armhf 2:1.2.2-1+b1
2016-11-14 21:55:38 status installed libxtst6:armhf 2:1.2.2-1+b1
2016-11-14 21:55:38 configure libxv1:armhf 2:1.0.10-1+b1 <none>
2016-11-14 21:55:38 status unpacked libxv1:armhf 2:1.0.10-1+b1
2016-11-14 21:55:38 status half-configured libxv1:armhf 2:1.0.10-1+b1
2016-11-14 21:55:38 status installed libxv1:armhf 2:1.0.10-1+b1
2016-11-14 21:55:38 configure libxxf86dga1:armhf 2:1.1.4-1+b1 <none>
2016-11-14 21:55:38 status unpacked libxxf86dga1:armhf 2:1.1.4-1+b1
2016-11-14 21:55:38 status half-configured libxxf86dga1:armhf 2:1.1.4-1+b1
2016-11-14 21:55:38 status installed libxxf86dga1:armhf 2:1.1.4-1+b1
2016-11-14 21:55:38 configure libxxf86vm1:armhf 1:1.1.3-1+b1 <none>
2016-11-14 21:55:38 status unpacked libxxf86vm1:armhf 1:1.1.3-1+b1
2016-11-14 21:55:39 status half-configured libxxf86vm1:armhf 1:1.1.3-1+b1
2016-11-14 21:55:39 status installed libxxf86vm1:armhf 1:1.1.3-1+b1
2016-11-14 21:55:39 configure libgl1-mesa-swx11:armhf 10.3.2-1+deb8u1 <none>
2016-11-14 21:55:39 status unpacked libgl1-mesa-swx11:armhf 10.3.2-1+deb8u1
2016-11-14 21:55:39 status half-configured libgl1-mesa-swx11:armhf 10.3.2-1+deb8u1
2016-11-14 21:55:39 status installed libgl1-mesa-swx11:armhf 10.3.2-1+deb8u1
2016-11-14 21:55:39 configure libjpeg62-turbo:armhf 1:1.3.1-12 <none>
2016-11-14 21:55:39 status unpacked libjpeg62-turbo:armhf 1:1.3.1-12
2016-11-14 21:55:39 status half-configured libjpeg62-turbo:armhf 1:1.3.1-12
2016-11-14 21:55:39 status installed libjpeg62-turbo:armhf 1:1.3.1-12
2016-11-14 21:55:39 configure libutempter0:armhf 1.1.5-4 <none>
2016-11-14 21:55:39 status unpacked libutempter0:armhf 1.1.5-4
2016-11-14 21:55:39 status half-configured libutempter0:armhf 1.1.5-4
2016-11-14 21:55:41 status installed libutempter0:armhf 1.1.5-4
2016-11-14 21:55:41 configure menu:armhf 2.1.47 <none>
2016-11-14 21:55:41 status unpacked menu:armhf 2.1.47
2016-11-14 21:55:41 status unpacked menu:armhf 2.1.47
2016-11-14 21:55:41 status unpacked menu:armhf 2.1.47
2016-11-14 21:55:41 status unpacked menu:armhf 2.1.47
2016-11-14 21:55:41 status unpacked menu:armhf 2.1.47
2016-11-14 21:55:41 status half-configured menu:armhf 2.1.47
2016-11-14 21:55:41 status installed menu:armhf 2.1.47
2016-11-14 21:55:41 status triggers-pending menu:armhf 2.1.47
2016-11-14 21:55:41 status triggers-awaited menu:armhf 2.1.47
2016-11-14 21:55:41 configure x11-utils:armhf 7.7+2 <none>
2016-11-14 21:55:41 status unpacked x11-utils:armhf 7.7+2
2016-11-14 21:55:41 status unpacked x11-utils:armhf 7.7+2
2016-11-14 21:55:41 status unpacked x11-utils:armhf 7.7+2
2016-11-14 21:55:41 status unpacked x11-utils:armhf 7.7+2
2016-11-14 21:55:41 status unpacked x11-utils:armhf 7.7+2
2016-11-14 21:55:41 status unpacked x11-utils:armhf 7.7+2
2016-11-14 21:55:41 status unpacked x11-utils:armhf 7.7+2
2016-11-14 21:55:41 status unpacked x11-utils:armhf 7.7+2
2016-11-14 21:55:41 status unpacked x11-utils:armhf 7.7+2
2016-11-14 21:55:41 status half-configured x11-utils:armhf 7.7+2
2016-11-14 21:55:42 status installed x11-utils:armhf 7.7+2
2016-11-14 21:55:42 configure xauth:armhf 1:1.0.9-1 <none>
2016-11-14 21:55:42 status unpacked xauth:armhf 1:1.0.9-1
2016-11-14 21:55:42 status half-configured xauth:armhf 1:1.0.9-1
2016-11-14 21:55:42 status installed xauth:armhf 1:1.0.9-1
2016-11-14 21:55:42 configure tightvncserver:armhf 1.3.9-6.5 <none>
2016-11-14 21:55:42 status unpacked tightvncserver:armhf 1.3.9-6.5
2016-11-14 21:55:42 status half-configured tightvncserver:armhf 1.3.9-6.5
2016-11-14 21:55:42 status installed tightvncserver:armhf 1.3.9-6.5
2016-11-14 21:55:42 configure xbitmaps:all 1.1.1-2 <none>
2016-11-14 21:55:42 status unpacked xbitmaps:all 1.1.1-2
2016-11-14 21:55:42 status half-configured xbitmaps:all 1.1.1-2
2016-11-14 21:55:42 status installed xbitmaps:all 1.1.1-2
2016-11-14 21:55:42 configure xfonts-encodings:all 1:1.0.4-2 <none>
2016-11-14 21:55:42 status unpacked xfonts-encodings:all 1:1.0.4-2
2016-11-14 21:55:42 status half-configured xfonts-encodings:all 1:1.0.4-2
2016-11-14 21:55:42 status installed xfonts-encodings:all 1:1.0.4-2
2016-11-14 21:55:42 configure xfonts-utils:armhf 1:7.7+2 <none>
2016-11-14 21:55:42 status unpacked xfonts-utils:armhf 1:7.7+2
2016-11-14 21:55:42 status half-configured xfonts-utils:armhf 1:7.7+2
2016-11-14 21:55:43 status installed xfonts-utils:armhf 1:7.7+2
2016-11-14 21:55:43 configure xfonts-base:all 1:1.0.3 <none>
2016-11-14 21:55:43 status unpacked xfonts-base:all 1:1.0.3
2016-11-14 21:55:43 status unpacked xfonts-base:all 1:1.0.3
2016-11-14 21:55:43 status half-configured xfonts-base:all 1:1.0.3
2016-11-14 21:55:45 status installed xfonts-base:all 1:1.0.3
2016-11-14 21:55:45 configure xterm:armhf 312-2 <none>
2016-11-14 21:55:45 status unpacked xterm:armhf 312-2
2016-11-14 21:55:45 status unpacked xterm:armhf 312-2
2016-11-14 21:55:45 status unpacked xterm:armhf 312-2
2016-11-14 21:55:45 status unpacked xterm:armhf 312-2
2016-11-14 21:55:45 status unpacked xterm:armhf 312-2
2016-11-14 21:55:45 status unpacked xterm:armhf 312-2
2016-11-14 21:55:45 status unpacked xterm:armhf 312-2
2016-11-14 21:55:45 status half-configured xterm:armhf 312-2
2016-11-14 21:55:46 status installed xterm:armhf 312-2
2016-11-14 21:55:46 trigproc menu:armhf 2.1.47 <none>
2016-11-14 21:55:46 status half-configured menu:armhf 2.1.47
2016-11-14 21:55:47 status installed menu:armhf 2.1.47
2016-11-14 21:55:47 configure twm:armhf 1:1.0.8-1 <none>
2016-11-14 21:55:47 status unpacked twm:armhf 1:1.0.8-1
2016-11-14 21:55:47 status unpacked twm:armhf 1:1.0.8-1
2016-11-14 21:55:47 status triggers-pending menu:armhf 2.1.47
2016-11-14 21:55:47 status unpacked twm:armhf 1:1.0.8-1
2016-11-14 21:55:47 status unpacked twm:armhf 1:1.0.8-1
2016-11-14 21:55:47 status half-configured twm:armhf 1:1.0.8-1
2016-11-14 21:55:47 status triggers-awaited twm:armhf 1:1.0.8-1
2016-11-14 21:55:47 status triggers-pending menu:armhf 2.1.47
2016-11-14 21:55:47 status triggers-awaited menu:armhf 2.1.47
2016-11-14 21:55:47 trigproc libc-bin:armhf 2.19-18 <none>
2016-11-14 21:55:47 status half-configured libc-bin:armhf 2.19-18
2016-11-14 21:55:49 status installed libc-bin:armhf 2.19-18
2016-11-14 21:55:49 trigproc systemd:armhf 215-17+deb8u1 <none>
2016-11-14 21:55:49 status half-configured systemd:armhf 215-17+deb8u1
2016-11-14 21:55:49 status installed systemd:armhf 215-17+deb8u1
2016-11-14 21:55:49 trigproc menu:armhf 2.1.47 <none>
2016-11-14 21:55:49 status half-configured menu:armhf 2.1.47
2016-11-14 21:55:49 status installed twm:armhf 1:1.0.8-1
2016-11-14 21:55:50 status installed menu:armhf 2.1.47
2016-11-14 21:55:51 startup packages configure
